[2024-12-12 17:54:04,932] [INFO] [real_accelerator.py:219:get_accelerator] Setting ds_accelerator to cuda (auto detect)
[2024-12-12 17:54:04,939] [INFO] [real_accelerator.py:219:get_accelerator] Setting ds_accelerator to cuda (auto detect)
[2024-12-12 17:54:04,941] [INFO] [real_accelerator.py:219:get_accelerator] Setting ds_accelerator to cuda (auto detect)
[2024-12-12 17:54:04,942] [INFO] [real_accelerator.py:219:get_accelerator] Setting ds_accelerator to cuda (auto detect)
[2024-12-12 17:54:05,000] [INFO] [real_accelerator.py:219:get_accelerator] Setting ds_accelerator to cuda (auto detect)
[2024-12-12 17:54:05,006] [INFO] [real_accelerator.py:219:get_accelerator] Setting ds_accelerator to cuda (auto detect)
[2024-12-12 17:54:05,009] [INFO] [real_accelerator.py:219:get_accelerator] Setting ds_accelerator to cuda (auto detect)
[2024-12-12 17:54:05,010] [INFO] [real_accelerator.py:219:get_accelerator] Setting ds_accelerator to cuda (auto detect)
Warning: The cache directory for DeepSpeed Triton autotune, /home/s0/shpc106/.triton/autotune, appears to be on an NFS system. While this is generally acceptable, if you experience slowdowns or hanging when DeepSpeed exits, it is recommended to set the TRITON_CACHE_DIR environment variable to a non-NFS path.
Warning: The cache directory for DeepSpeed Triton autotune, /home/s0/shpc106/.triton/autotune, appears to be on an NFS system. While this is generally acceptable, if you experience slowdowns or hanging when DeepSpeed exits, it is recommended to set the TRITON_CACHE_DIR environment variable to a non-NFS path.
Warning: The cache directory for DeepSpeed Triton autotune, /home/s0/shpc106/.triton/autotune, appears to be on an NFS system. While this is generally acceptable, if you experience slowdowns or hanging when DeepSpeed exits, it is recommended to set the TRITON_CACHE_DIR environment variable to a non-NFS path.
Warning: The cache directory for DeepSpeed Triton autotune, /home/s0/shpc106/.triton/autotune, appears to be on an NFS system. While this is generally acceptable, if you experience slowdowns or hanging when DeepSpeed exits, it is recommended to set the TRITON_CACHE_DIR environment variable to a non-NFS path.
Warning: The cache directory for DeepSpeed Triton autotune, /home/s0/shpc106/.triton/autotune, appears to be on an NFS system. While this is generally acceptable, if you experience slowdowns or hanging when DeepSpeed exits, it is recommended to set the TRITON_CACHE_DIR environment variable to a non-NFS path.
Warning: The cache directory for DeepSpeed Triton autotune, /home/s0/shpc106/.triton/autotune, appears to be on an NFS system. While this is generally acceptable, if you experience slowdowns or hanging when DeepSpeed exits, it is recommended to set the TRITON_CACHE_DIR environment variable to a non-NFS path.
Warning: The cache directory for DeepSpeed Triton autotune, /home/s0/shpc106/.triton/autotune, appears to be on an NFS system. While this is generally acceptable, if you experience slowdowns or hanging when DeepSpeed exits, it is recommended to set the TRITON_CACHE_DIR environment variable to a non-NFS path.
Warning: The cache directory for DeepSpeed Triton autotune, /home/s0/shpc106/.triton/autotune, appears to be on an NFS system. While this is generally acceptable, if you experience slowdowns or hanging when DeepSpeed exits, it is recommended to set the TRITON_CACHE_DIR environment variable to a non-NFS path.
[2024-12-12 17:54:40,723] [INFO] [comm.py:652:init_distributed] cdb=None
[2024-12-12 17:54:40,731] [INFO] [config.py:733:__init__] Config mesh_device None world_size = 8
[2024-12-12 17:54:40,929] [INFO] [comm.py:652:init_distributed] cdb=None
[2024-12-12 17:54:40,935] [INFO] [config.py:733:__init__] Config mesh_device None world_size = 8
[2024-12-12 17:54:41,205] [INFO] [comm.py:652:init_distributed] cdb=None
[2024-12-12 17:54:41,205] [INFO] [comm.py:683:init_distributed] Initializing TorchBackend in DeepSpeed with backend nccl
[2024-12-12 17:54:41,218] [INFO] [logging.py:128:log_dist] [Rank 0] DeepSpeed info: version=0.16.0, git-hash=unknown, git-branch=unknown
[2024-12-12 17:54:41,219] [INFO] [config.py:733:__init__] Config mesh_device None world_size = 8
[2024-12-12 17:54:43,317] [INFO] [comm.py:652:init_distributed] cdb=None
[2024-12-12 17:54:43,332] [INFO] [config.py:733:__init__] Config mesh_device None world_size = 8
[2024-12-12 17:55:01,358] [INFO] [comm.py:652:init_distributed] cdb=None
[2024-12-12 17:55:01,364] [INFO] [config.py:733:__init__] Config mesh_device None world_size = 8
[2024-12-12 17:55:01,707] [INFO] [comm.py:652:init_distributed] cdb=None
[2024-12-12 17:55:01,726] [INFO] [config.py:733:__init__] Config mesh_device None world_size = 8
[2024-12-12 17:55:03,076] [INFO] [comm.py:652:init_distributed] cdb=None
[2024-12-12 17:55:03,094] [INFO] [config.py:733:__init__] Config mesh_device None world_size = 8
[2024-12-12 17:55:03,715] [INFO] [comm.py:652:init_distributed] cdb=None
[2024-12-12 17:55:03,738] [INFO] [config.py:733:__init__] Config mesh_device None world_size = 8
Using /home/s0/shpc106/.cache/torch_extensions/py38_cu118 as PyTorch extensions root...
Using /home/s0/shpc106/.cache/torch_extensions/py38_cu118 as PyTorch extensions root...
Using /home/s0/shpc106/.cache/torch_extensions/py38_cu118 as PyTorch extensions root...
Using /home/s0/shpc106/.cache/torch_extensions/py38_cu118 as PyTorch extensions root...
Using /home/s0/shpc106/.cache/torch_extensions/py38_cu118 as PyTorch extensions root...Using /home/s0/shpc106/.cache/torch_extensions/py38_cu118 as PyTorch extensions root...

[2024-12-12 17:55:11,508] [INFO] [logging.py:128:log_dist] [Rank 0] DeepSpeed Flops Profiler Enabled: False
Using /home/s0/shpc106/.cache/torch_extensions/py38_cu118 as PyTorch extensions root...
Using /home/s0/shpc106/.cache/torch_extensions/py38_cu118 as PyTorch extensions root...
Detected CUDA files, patching ldflags
Emitting ninja build file /home/s0/shpc106/.cache/torch_extensions/py38_cu118/fused_adam/build.ninja...
/usr/local/lib/python3.8/dist-packages/torch/utils/cpp_extension.py:1965: UserWarning: TORCH_CUDA_ARCH_LIST is not set, all archs for visible cards are included for compilation. 
If this is not desired, please set os.environ['TORCH_CUDA_ARCH_LIST'].
  warnings.warn(
Building extension module fused_adam...
Allowing ninja to set a default number of workers... (overridable by setting the environment variable MAX_JOBS=N)
ninja: no work to do.
Loading extension module fused_adam...
Loading extension module fused_adam...
Time to load fused_adam op: 0.8043513298034668 seconds
Time to load fused_adam op: 0.8535833358764648 seconds
[2024-12-12 17:55:12,314] [INFO] [config.py:733:__init__] Config mesh_device None world_size = 8
[2024-12-12 17:55:12,325] [INFO] [config.py:733:__init__] Config mesh_device None world_size = 8
Loading extension module fused_adam...
Time to load fused_adam op: 0.9052398204803467 seconds
Loading extension module fused_adam...
Time to load fused_adam op: 0.904212474822998 seconds
[2024-12-12 17:55:12,387] [INFO] [config.py:733:__init__] Config mesh_device None world_size = 8
[2024-12-12 17:55:12,415] [INFO] [config.py:733:__init__] Config mesh_device None world_size = 8
Loading extension module fused_adam...
Time to load fused_adam op: 3.0119144916534424 seconds
Loading extension module fused_adam...
[2024-12-12 17:55:14,529] [INFO] [logging.py:128:log_dist] [Rank 0] Using DeepSpeed Optimizer param name adam as basic optimizer
[2024-12-12 17:55:14,529] [INFO] [logging.py:128:log_dist] [Rank 0] Removing param_group that has no 'params' in the basic Optimizer
Time to load fused_adam op: 3.011537551879883 seconds
[2024-12-12 17:55:14,566] [INFO] [logging.py:128:log_dist] [Rank 0] DeepSpeed Basic Optimizer = FusedAdam
[2024-12-12 17:55:14,566] [INFO] [utils.py:59:is_zero_supported_optimizer] Checking ZeRO support for optimizer=FusedAdam type=<class 'deepspeed.ops.adam.fused_adam.FusedAdam'>
[2024-12-12 17:55:14,566] [INFO] [logging.py:128:log_dist] [Rank 0] Creating fp16 ZeRO stage 3 optimizer, MiCS is enabled False, Hierarchical params gather False
[2024-12-12 17:55:14,566] [INFO] [logging.py:128:log_dist] [Rank 0] Creating torch.float16 ZeRO stage 3 optimizer
[2024-12-12 17:55:14,577] [INFO] [config.py:733:__init__] Config mesh_device None world_size = 8
Loading extension module fused_adam...
Loading extension module fused_adam...
Time to load fused_adam op: 3.1100220680236816 seconds
Time to load fused_adam op: 3.1104977130889893 seconds
[2024-12-12 17:55:14,652] [INFO] [config.py:733:__init__] Config mesh_device None world_size = 8
[2024-12-12 17:55:14,671] [INFO] [config.py:733:__init__] Config mesh_device None world_size = 8
[2024-12-12 17:55:14,763] [INFO] [utils.py:781:see_memory_usage] Stage 3 initialize beginning
[2024-12-12 17:55:14,763] [INFO] [utils.py:782:see_memory_usage] MA 1.48 GB         Max_MA 1.48 GB         CA 1.61 GB         Max_CA 2 GB 
[2024-12-12 17:55:14,764] [INFO] [utils.py:789:see_memory_usage] CPU Virtual Memory:  used = 19.23 GB, percent = 3.8%
[2024-12-12 17:55:14,765] [INFO] [stage3.py:167:__init__] Reduce bucket size 500000000
[2024-12-12 17:55:14,765] [INFO] [stage3.py:168:__init__] Prefetch bucket size 50000000
[2024-12-12 17:55:14,893] [INFO] [utils.py:781:see_memory_usage] DeepSpeedZeRoOffload initialize [begin]
[2024-12-12 17:55:14,893] [INFO] [utils.py:782:see_memory_usage] MA 1.48 GB         Max_MA 1.48 GB         CA 1.61 GB         Max_CA 2 GB 
[2024-12-12 17:55:14,893] [INFO] [utils.py:789:see_memory_usage] CPU Virtual Memory:  used = 19.23 GB, percent = 3.8%
[2024-12-12 17:55:14,898] [INFO] [config.py:733:__init__] Config mesh_device None world_size = 8
Parameter Offload: Total persistent parameters: 601600 in 290 params
[2024-12-12 17:55:16,484] [INFO] [utils.py:781:see_memory_usage] DeepSpeedZeRoOffload initialize [end]
[2024-12-12 17:55:16,485] [INFO] [utils.py:782:see_memory_usage] MA 0.22 GB         Max_MA 1.49 GB         CA 1.64 GB         Max_CA 2 GB 
[2024-12-12 17:55:16,486] [INFO] [utils.py:789:see_memory_usage] CPU Virtual Memory:  used = 19.61 GB, percent = 3.9%
[2024-12-12 17:55:16,669] [INFO] [utils.py:781:see_memory_usage] Before creating fp16 partitions
[2024-12-12 17:55:16,670] [INFO] [utils.py:782:see_memory_usage] MA 0.22 GB         Max_MA 0.22 GB         CA 1.64 GB         Max_CA 2 GB 
[2024-12-12 17:55:16,670] [INFO] [utils.py:789:see_memory_usage] CPU Virtual Memory:  used = 19.61 GB, percent = 3.9%
[2024-12-12 17:55:17,411] [INFO] [utils.py:781:see_memory_usage] After creating fp16 partitions: 1
[2024-12-12 17:55:17,412] [INFO] [utils.py:782:see_memory_usage] MA 0.22 GB         Max_MA 0.22 GB         CA 0.22 GB         Max_CA 2 GB 
[2024-12-12 17:55:17,412] [INFO] [utils.py:789:see_memory_usage] CPU Virtual Memory:  used = 19.62 GB, percent = 3.9%
[2024-12-12 17:55:17,581] [INFO] [utils.py:781:see_memory_usage] Before creating fp32 partitions
[2024-12-12 17:55:17,582] [INFO] [utils.py:782:see_memory_usage] MA 0.22 GB         Max_MA 0.22 GB         CA 0.22 GB         Max_CA 0 GB 
[2024-12-12 17:55:17,583] [INFO] [utils.py:789:see_memory_usage] CPU Virtual Memory:  used = 19.62 GB, percent = 3.9%
[2024-12-12 17:55:17,754] [INFO] [utils.py:781:see_memory_usage] After creating fp32 partitions
[2024-12-12 17:55:17,755] [INFO] [utils.py:782:see_memory_usage] MA 0.58 GB         Max_MA 0.76 GB         CA 0.76 GB         Max_CA 1 GB 
[2024-12-12 17:55:17,756] [INFO] [utils.py:789:see_memory_usage] CPU Virtual Memory:  used = 19.62 GB, percent = 3.9%
[2024-12-12 17:55:17,924] [INFO] [utils.py:781:see_memory_usage] Before initializing optimizer states
[2024-12-12 17:55:17,925] [INFO] [utils.py:782:see_memory_usage] MA 0.58 GB         Max_MA 0.58 GB         CA 0.76 GB         Max_CA 1 GB 
[2024-12-12 17:55:17,925] [INFO] [utils.py:789:see_memory_usage] CPU Virtual Memory:  used = 19.62 GB, percent = 3.9%
[2024-12-12 17:55:18,093] [INFO] [utils.py:781:see_memory_usage] After initializing optimizer states
[2024-12-12 17:55:18,094] [INFO] [utils.py:782:see_memory_usage] MA 0.58 GB         Max_MA 0.94 GB         CA 1.12 GB         Max_CA 1 GB 
[2024-12-12 17:55:18,094] [INFO] [utils.py:789:see_memory_usage] CPU Virtual Memory:  used = 19.62 GB, percent = 3.9%
[2024-12-12 17:55:18,095] [INFO] [stage3.py:525:_setup_for_real_optimizer] optimizer state initialized
[2024-12-12 17:55:19,063] [INFO] [utils.py:781:see_memory_usage] After initializing ZeRO optimizer
[2024-12-12 17:55:19,064] [INFO] [utils.py:782:see_memory_usage] MA 1.69 GB         Max_MA 1.93 GB         CA 2.05 GB         Max_CA 2 GB 
[2024-12-12 17:55:19,065] [INFO] [utils.py:789:see_memory_usage] CPU Virtual Memory:  used = 19.63 GB, percent = 3.9%
[2024-12-12 17:55:19,065] [INFO] [logging.py:128:log_dist] [Rank 0] DeepSpeed Final Optimizer = DeepSpeedZeroOptimizer_Stage3
[2024-12-12 17:55:19,065] [INFO] [logging.py:128:log_dist] [Rank 0] DeepSpeed using configured LR scheduler = None
[2024-12-12 17:55:19,065] [INFO] [logging.py:128:log_dist] [Rank 0] DeepSpeed LR Scheduler = None
[2024-12-12 17:55:19,065] [INFO] [logging.py:128:log_dist] [Rank 0] step=0, skipped=0, lr=[0.0001], mom=[(0.9, 0.999)]
[2024-12-12 17:55:19,068] [INFO] [config.py:999:print] DeepSpeedEngine configuration:
[2024-12-12 17:55:19,068] [INFO] [config.py:1003:print]   activation_checkpointing_config  {
    "partition_activations": false, 
    "contiguous_memory_optimization": false, 
    "cpu_checkpointing": false, 
    "number_checkpoints": null, 
    "synchronize_checkpoint_boundary": false, 
    "profile": false
}
[2024-12-12 17:55:19,068] [INFO] [config.py:1003:print]   aio_config ................... {'block_size': 1048576, 'queue_depth': 8, 'thread_count': 1, 'single_submit': False, 'overlap_events': True, 'use_gds': False}
[2024-12-12 17:55:19,068] [INFO] [config.py:1003:print]   amp_enabled .................. False
[2024-12-12 17:55:19,068] [INFO] [config.py:1003:print]   amp_params ................... False
[2024-12-12 17:55:19,069] [INFO] [config.py:1003:print]   autotuning_config ............ {
    "enabled": false, 
    "start_step": null, 
    "end_step": null, 
    "metric_path": null, 
    "arg_mappings": null, 
    "metric": "throughput", 
    "model_info": null, 
    "results_dir": "autotuning_results", 
    "exps_dir": "autotuning_exps", 
    "overwrite": true, 
    "fast": true, 
    "start_profile_step": 3, 
    "end_profile_step": 5, 
    "tuner_type": "gridsearch", 
    "tuner_early_stopping": 5, 
    "tuner_num_trials": 50, 
    "model_info_path": null, 
    "mp_size": 1, 
    "max_train_batch_size": null, 
    "min_train_batch_size": 1, 
    "max_train_micro_batch_size_per_gpu": 1.024000e+03, 
    "min_train_micro_batch_size_per_gpu": 1, 
    "num_tuning_micro_batch_sizes": 3
}
[2024-12-12 17:55:19,069] [INFO] [config.py:1003:print]   bfloat16_enabled ............. False
[2024-12-12 17:55:19,069] [INFO] [config.py:1003:print]   bfloat16_immediate_grad_update  False
[2024-12-12 17:55:19,069] [INFO] [config.py:1003:print]   checkpoint_parallel_write_pipeline  False
[2024-12-12 17:55:19,069] [INFO] [config.py:1003:print]   checkpoint_tag_validation_enabled  True
[2024-12-12 17:55:19,069] [INFO] [config.py:1003:print]   checkpoint_tag_validation_fail  False
[2024-12-12 17:55:19,069] [INFO] [config.py:1003:print]   comms_config ................. <deepspeed.comm.config.DeepSpeedCommsConfig object at 0x14dd7047a730>
[2024-12-12 17:55:19,069] [INFO] [config.py:1003:print]   communication_data_type ...... None
[2024-12-12 17:55:19,069] [INFO] [config.py:1003:print]   compression_config ........... {'weight_quantization': {'shared_parameters': {'enabled': False, 'quantizer_kernel': False, 'schedule_offset': 0, 'quantize_groups': 1, 'quantize_verbose': False, 'quantization_type': 'symmetric', 'quantize_weight_in_forward': False, 'rounding': 'nearest', 'fp16_mixed_quantize': False, 'quantize_change_ratio': 0.001}, 'different_groups': {}}, 'activation_quantization': {'shared_parameters': {'enabled': False, 'quantization_type': 'symmetric', 'range_calibration': 'dynamic', 'schedule_offset': 1000}, 'different_groups': {}}, 'sparse_pruning': {'shared_parameters': {'enabled': False, 'method': 'l1', 'schedule_offset': 1000}, 'different_groups': {}}, 'row_pruning': {'shared_parameters': {'enabled': False, 'method': 'l1', 'schedule_offset': 1000}, 'different_groups': {}}, 'head_pruning': {'shared_parameters': {'enabled': False, 'method': 'topk', 'schedule_offset': 1000}, 'different_groups': {}}, 'channel_pruning': {'shared_parameters': {'enabled': False, 'method': 'l1', 'schedule_offset': 1000}, 'different_groups': {}}, 'layer_reduction': {'enabled': False}}
[2024-12-12 17:55:19,070] [INFO] [config.py:1003:print]   curriculum_enabled_legacy .... False
[2024-12-12 17:55:19,070] [INFO] [config.py:1003:print]   curriculum_params_legacy ..... False
[2024-12-12 17:55:19,070] [INFO] [config.py:1003:print]   data_efficiency_config ....... {'enabled': False, 'seed': 1234, 'data_sampling': {'enabled': False, 'num_epochs': 1000, 'num_workers': 0, 'curriculum_learning': {'enabled': False}}, 'data_routing': {'enabled': False, 'random_ltd': {'enabled': False, 'layer_token_lr_schedule': {'enabled': False}}}}
[2024-12-12 17:55:19,070] [INFO] [config.py:1003:print]   data_efficiency_enabled ...... False
[2024-12-12 17:55:19,070] [INFO] [config.py:1003:print]   dataloader_drop_last ......... False
[2024-12-12 17:55:19,070] [INFO] [config.py:1003:print]   disable_allgather ............ False
[2024-12-12 17:55:19,070] [INFO] [config.py:1003:print]   dump_state ................... False
[2024-12-12 17:55:19,070] [INFO] [config.py:1003:print]   dynamic_loss_scale_args ...... {'init_scale': 4294967296, 'scale_window': 1000, 'delayed_shift': 2, 'consecutive_hysteresis': False, 'min_scale': 1}
[2024-12-12 17:55:19,070] [INFO] [config.py:1003:print]   eigenvalue_enabled ........... False
[2024-12-12 17:55:19,070] [INFO] [config.py:1003:print]   eigenvalue_gas_boundary_resolution  1
[2024-12-12 17:55:19,070] [INFO] [config.py:1003:print]   eigenvalue_layer_name ........ bert.encoder.layer
[2024-12-12 17:55:19,070] [INFO] [config.py:1003:print]   eigenvalue_layer_num ......... 0
[2024-12-12 17:55:19,070] [INFO] [config.py:1003:print]   eigenvalue_max_iter .......... 100
[2024-12-12 17:55:19,071] [INFO] [config.py:1003:print]   eigenvalue_stability ......... 1e-06
[2024-12-12 17:55:19,071] [INFO] [config.py:1003:print]   eigenvalue_tol ............... 0.01
[2024-12-12 17:55:19,071] [INFO] [config.py:1003:print]   eigenvalue_verbose ........... False
[2024-12-12 17:55:19,071] [INFO] [config.py:1003:print]   elasticity_enabled ........... False
[2024-12-12 17:55:19,071] [INFO] [config.py:1003:print]   flops_profiler_config ........ {
    "enabled": false, 
    "recompute_fwd_factor": 0.0, 
    "profile_step": 1, 
    "module_depth": -1, 
    "top_modules": 1, 
    "detailed": true, 
    "output_file": null
}
[2024-12-12 17:55:19,071] [INFO] [config.py:1003:print]   fp16_auto_cast ............... False
[2024-12-12 17:55:19,071] [INFO] [config.py:1003:print]   fp16_enabled ................. True
[2024-12-12 17:55:19,071] [INFO] [config.py:1003:print]   fp16_master_weights_and_gradients  False
[2024-12-12 17:55:19,071] [INFO] [config.py:1003:print]   global_rank .................. 0
[2024-12-12 17:55:19,071] [INFO] [config.py:1003:print]   grad_accum_dtype ............. None
[2024-12-12 17:55:19,071] [INFO] [config.py:1003:print]   gradient_accumulation_steps .. 1
[2024-12-12 17:55:19,071] [INFO] [config.py:1003:print]   gradient_clipping ............ 0.0
[2024-12-12 17:55:19,072] [INFO] [config.py:1003:print]   gradient_predivide_factor .... 1.0
[2024-12-12 17:55:19,072] [INFO] [config.py:1003:print]   graph_harvesting ............. False
[2024-12-12 17:55:19,072] [INFO] [config.py:1003:print]   hybrid_engine ................ enabled=False max_out_tokens=512 inference_tp_size=1 release_inference_cache=False pin_parameters=True tp_gather_partition_size=8
[2024-12-12 17:55:19,072] [INFO] [config.py:1003:print]   initial_dynamic_scale ........ 4294967296
[2024-12-12 17:55:19,072] [INFO] [config.py:1003:print]   load_universal_checkpoint .... False
[2024-12-12 17:55:19,072] [INFO] [config.py:1003:print]   loss_scale ................... 0
[2024-12-12 17:55:19,072] [INFO] [config.py:1003:print]   memory_breakdown ............. False
[2024-12-12 17:55:19,072] [INFO] [config.py:1003:print]   mics_hierarchial_params_gather  False
[2024-12-12 17:55:19,072] [INFO] [config.py:1003:print]   mics_shard_size .............. -1
[2024-12-12 17:55:19,072] [INFO] [config.py:1003:print]   monitor_config ............... tensorboard=TensorBoardConfig(enabled=False, output_path='', job_name='DeepSpeedJobName') comet=CometConfig(enabled=False, samples_log_interval=100, project=None, workspace=None, api_key=None, experiment_name=None, experiment_key=None, online=None, mode=None) wandb=WandbConfig(enabled=False, group=None, team=None, project='deepspeed') csv_monitor=CSVConfig(enabled=False, output_path='', job_name='DeepSpeedJobName')
[2024-12-12 17:55:19,073] [INFO] [config.py:1003:print]   nebula_config ................ {
    "enabled": false, 
    "persistent_storage_path": null, 
    "persistent_time_interval": 100, 
    "num_of_version_in_retention": 2, 
    "enable_nebula_load": true, 
    "load_path": null
}
[2024-12-12 17:55:19,073] [INFO] [config.py:1003:print]   optimizer_legacy_fusion ...... False
[2024-12-12 17:55:19,073] [INFO] [config.py:1003:print]   optimizer_name ............... adam
[2024-12-12 17:55:19,073] [INFO] [config.py:1003:print]   optimizer_params ............. {'lr': 0.0001}
[2024-12-12 17:55:19,073] [INFO] [config.py:1003:print]   pipeline ..................... {'stages': 'auto', 'partition': 'best', 'seed_layers': False, 'activation_checkpoint_interval': 0, 'pipe_partitioned': True, 'grad_partitioned': True}
[2024-12-12 17:55:19,073] [INFO] [config.py:1003:print]   pld_enabled .................. False
[2024-12-12 17:55:19,073] [INFO] [config.py:1003:print]   pld_params ................... False
[2024-12-12 17:55:19,073] [INFO] [config.py:1003:print]   prescale_gradients ........... False
[2024-12-12 17:55:19,073] [INFO] [config.py:1003:print]   scheduler_name ............... None
[2024-12-12 17:55:19,073] [INFO] [config.py:1003:print]   scheduler_params ............. None
[2024-12-12 17:55:19,073] [INFO] [config.py:1003:print]   seq_parallel_communication_data_type  torch.float32
[2024-12-12 17:55:19,073] [INFO] [config.py:1003:print]   sparse_attention ............. None
[2024-12-12 17:55:19,073] [INFO] [config.py:1003:print]   sparse_gradients_enabled ..... False
[2024-12-12 17:55:19,074] [INFO] [config.py:1003:print]   steps_per_print .............. None
[2024-12-12 17:55:19,074] [INFO] [config.py:1003:print]   timers_config ................ enabled=True synchronized=True
[2024-12-12 17:55:19,074] [INFO] [config.py:1003:print]   train_batch_size ............. 64
[2024-12-12 17:55:19,074] [INFO] [config.py:1003:print]   train_micro_batch_size_per_gpu  8
[2024-12-12 17:55:19,074] [INFO] [config.py:1003:print]   use_data_before_expert_parallel_  False
[2024-12-12 17:55:19,074] [INFO] [config.py:1003:print]   use_node_local_storage ....... False
[2024-12-12 17:55:19,074] [INFO] [config.py:1003:print]   wall_clock_breakdown ......... False
[2024-12-12 17:55:19,074] [INFO] [config.py:1003:print]   weight_quantization_config ... None
[2024-12-12 17:55:19,074] [INFO] [config.py:1003:print]   world_size ................... 8
[2024-12-12 17:55:19,074] [INFO] [config.py:1003:print]   zero_allow_untested_optimizer  False
[2024-12-12 17:55:19,074] [INFO] [config.py:1003:print]   zero_config .................. stage=3 contiguous_gradients=True reduce_scatter=True reduce_bucket_size=500000000 use_multi_rank_bucket_allreduce=True allgather_partitions=True allgather_bucket_size=500000000 overlap_comm=True load_from_fp32_weights=True elastic_checkpoint=False offload_param=None offload_optimizer=None sub_group_size=1000000000 cpu_offload_param=None cpu_offload_use_pin_memory=None cpu_offload=None prefetch_bucket_size=50000000 param_persistence_threshold=100000 model_persistence_threshold=9223372036854775807 max_live_parameters=1000000000 max_reuse_distance=1000000000 gather_16bit_weights_on_model_save=False module_granularity_threshold=0 use_all_reduce_for_fetch_params=False stage3_gather_fp16_weights_on_model_save=False ignore_unused_parameters=True legacy_stage1=False round_robin_gradients=False zero_hpz_partition_size=1 zero_quantized_weights=False zero_quantized_nontrainable_weights=False zero_quantized_gradients=False mics_shard_size=-1 mics_hierarchical_params_gather=False memory_efficient_linear=True pipeline_loading_checkpoint=False override_module_apply=True
[2024-12-12 17:55:19,074] [INFO] [config.py:1003:print]   zero_enabled ................. True
[2024-12-12 17:55:19,074] [INFO] [config.py:1003:print]   zero_force_ds_cpu_optimizer .. True
[2024-12-12 17:55:19,075] [INFO] [config.py:1003:print]   zero_optimization_stage ...... 3
[2024-12-12 17:55:19,075] [INFO] [config.py:989:print_user_config]   json = {
    "train_batch_size": 64, 
    "zero_optimization": {
        "stage": 3, 
        "contiguous_gradients": true, 
        "reduce_bucket_size": 5.000000e+08, 
        "sub_group_size": 1.000000e+09
    }, 
    "optimizer": {
        "type": "Adam", 
        "params": {
            "lr": 0.0001
        }
    }, 
    "fp16": {
        "enabled": true, 
        "loss_scale": 0, 
        "initial_scale_power": 32, 
        "loss_scale_window": 1000, 
        "hysteresis": 2, 
        "min_loss_scale": 1
    }
}
[Forward] Step 0, GPU Mem Used: 7872385024 bytes
[Backward] Step 0, GPU Mem Used: 2745069568 bytes
[2024-12-12 17:55:26,359] [INFO] [loss_scaler.py:190:update_scale] [deepspeed] OVERFLOW! Rank 0 Skipping step. Attempted loss scale: 4294967296, but hysteresis is 2. Reducing hysteresis to 1
[Optimizer Step] Step 0, GPU Mem Used: 2613789696 bytes
Epoch 1, Step 0, Loss: 10.1875
[2024-12-12 17:55:32,827] [INFO] [loss_scaler.py:183:update_scale] [deepspeed] OVERFLOW! Rank 0 Skipping step. Attempted loss scale: 4294967296, reducing to 2147483648
[2024-12-12 17:55:35,113] [INFO] [loss_scaler.py:183:update_scale] [deepspeed] OVERFLOW! Rank 0 Skipping step. Attempted loss scale: 2147483648, reducing to 1073741824
[2024-12-12 17:55:38,315] [INFO] [loss_scaler.py:183:update_scale] [deepspeed] OVERFLOW! Rank 0 Skipping step. Attempted loss scale: 1073741824, reducing to 536870912
[2024-12-12 17:55:40,763] [INFO] [loss_scaler.py:183:update_scale] [deepspeed] OVERFLOW! Rank 0 Skipping step. Attempted loss scale: 536870912, reducing to 268435456
[2024-12-12 17:55:43,340] [INFO] [loss_scaler.py:183:update_scale] [deepspeed] OVERFLOW! Rank 0 Skipping step. Attempted loss scale: 268435456, reducing to 134217728
[2024-12-12 17:55:45,814] [INFO] [loss_scaler.py:183:update_scale] [deepspeed] OVERFLOW! Rank 0 Skipping step. Attempted loss scale: 134217728, reducing to 67108864
[2024-12-12 17:55:48,213] [INFO] [loss_scaler.py:183:update_scale] [deepspeed] OVERFLOW! Rank 0 Skipping step. Attempted loss scale: 67108864, reducing to 33554432
[2024-12-12 17:55:50,829] [INFO] [loss_scaler.py:183:update_scale] [deepspeed] OVERFLOW! Rank 0 Skipping step. Attempted loss scale: 33554432, reducing to 16777216
[2024-12-12 17:55:53,369] [INFO] [loss_scaler.py:183:update_scale] [deepspeed] OVERFLOW! Rank 0 Skipping step. Attempted loss scale: 16777216, reducing to 8388608
[Forward] Step 10, GPU Mem Used: 9389960192 bytes
[Backward] Step 10, GPU Mem Used: 2750467072 bytes
[2024-12-12 17:55:55,726] [INFO] [loss_scaler.py:183:update_scale] [deepspeed] OVERFLOW! Rank 0 Skipping step. Attempted loss scale: 8388608, reducing to 4194304
[Optimizer Step] Step 10, GPU Mem Used: 2617984000 bytes
Epoch 1, Step 10, Loss: 10.375
[2024-12-12 17:55:58,261] [INFO] [loss_scaler.py:183:update_scale] [deepspeed] OVERFLOW! Rank 0 Skipping step. Attempted loss scale: 4194304, reducing to 2097152
[2024-12-12 17:56:00,768] [INFO] [loss_scaler.py:183:update_scale] [deepspeed] OVERFLOW! Rank 0 Skipping step. Attempted loss scale: 2097152, reducing to 1048576
[2024-12-12 17:56:03,277] [INFO] [loss_scaler.py:183:update_scale] [deepspeed] OVERFLOW! Rank 0 Skipping step. Attempted loss scale: 1048576, reducing to 524288
[2024-12-12 17:56:05,944] [INFO] [loss_scaler.py:183:update_scale] [deepspeed] OVERFLOW! Rank 0 Skipping step. Attempted loss scale: 524288, reducing to 262144
[2024-12-12 17:56:08,424] [INFO] [loss_scaler.py:183:update_scale] [deepspeed] OVERFLOW! Rank 0 Skipping step. Attempted loss scale: 262144, reducing to 131072
[2024-12-12 17:56:10,781] [INFO] [loss_scaler.py:183:update_scale] [deepspeed] OVERFLOW! Rank 0 Skipping step. Attempted loss scale: 131072, reducing to 65536
[2024-12-12 17:56:13,173] [INFO] [loss_scaler.py:183:update_scale] [deepspeed] OVERFLOW! Rank 0 Skipping step. Attempted loss scale: 65536, reducing to 32768
[2024-12-12 17:56:15,640] [INFO] [loss_scaler.py:183:update_scale] [deepspeed] OVERFLOW! Rank 0 Skipping step. Attempted loss scale: 32768, reducing to 16384
[2024-12-12 17:56:18,103] [INFO] [loss_scaler.py:183:update_scale] [deepspeed] OVERFLOW! Rank 0 Skipping step. Attempted loss scale: 16384, reducing to 8192
20 iterations took 59.03054976463318 seconds.
[Forward] Step 0, GPU Mem Used: 9389960192 bytes
[Backward] Step 0, GPU Mem Used: 2750467072 bytes
[Optimizer Step] Step 0, GPU Mem Used: 3395133952 bytes
Epoch 2, Step 0, Loss: 10.4140625
[Forward] Step 10, GPU Mem Used: 10164989440 bytes
[Backward] Step 10, GPU Mem Used: 3526413824 bytes
[Optimizer Step] Step 10, GPU Mem Used: 3395133952 bytes
Epoch 2, Step 10, Loss: 0.9765625
20 iterations took 52.28702473640442 seconds.
[Forward] Step 0, GPU Mem Used: 10164989440 bytes
[Backward] Step 0, GPU Mem Used: 3526413824 bytes
[Optimizer Step] Step 0, GPU Mem Used: 3395133952 bytes
Epoch 3, Step 0, Loss: 2.130859375
[Forward] Step 10, GPU Mem Used: 10164989440 bytes
[Backward] Step 10, GPU Mem Used: 3526413824 bytes
[Optimizer Step] Step 10, GPU Mem Used: 3395133952 bytes
Epoch 3, Step 10, Loss: 2.107421875
Training complete.
Training complete.
20 iterations took 51.8858859539032 seconds.
Training complete.
Training complete.
Training complete.
Training complete.
Training complete.
Training complete.
