[2024-12-12 17:51:02,634] [INFO] [real_accelerator.py:219:get_accelerator] Setting ds_accelerator to cuda (auto detect)
[2024-12-12 17:51:02,636] [INFO] [real_accelerator.py:219:get_accelerator] Setting ds_accelerator to cuda (auto detect)
[2024-12-12 17:51:02,643] [INFO] [real_accelerator.py:219:get_accelerator] Setting ds_accelerator to cuda (auto detect)
[2024-12-12 17:51:02,644] [INFO] [real_accelerator.py:219:get_accelerator] Setting ds_accelerator to cuda (auto detect)
[2024-12-12 17:51:02,645] [INFO] [real_accelerator.py:219:get_accelerator] Setting ds_accelerator to cuda (auto detect)
[2024-12-12 17:51:02,645] [INFO] [real_accelerator.py:219:get_accelerator] Setting ds_accelerator to cuda (auto detect)
[2024-12-12 17:51:02,647] [INFO] [real_accelerator.py:219:get_accelerator] Setting ds_accelerator to cuda (auto detect)
[2024-12-12 17:51:02,647] [INFO] [real_accelerator.py:219:get_accelerator] Setting ds_accelerator to cuda (auto detect)
Warning: The cache directory for DeepSpeed Triton autotune, /home/s0/shpc106/.triton/autotune, appears to be on an NFS system. While this is generally acceptable, if you experience slowdowns or hanging when DeepSpeed exits, it is recommended to set the TRITON_CACHE_DIR environment variable to a non-NFS path.
Warning: The cache directory for DeepSpeed Triton autotune, /home/s0/shpc106/.triton/autotune, appears to be on an NFS system. While this is generally acceptable, if you experience slowdowns or hanging when DeepSpeed exits, it is recommended to set the TRITON_CACHE_DIR environment variable to a non-NFS path.
Warning: The cache directory for DeepSpeed Triton autotune, /home/s0/shpc106/.triton/autotune, appears to be on an NFS system. While this is generally acceptable, if you experience slowdowns or hanging when DeepSpeed exits, it is recommended to set the TRITON_CACHE_DIR environment variable to a non-NFS path.
Warning: The cache directory for DeepSpeed Triton autotune, /home/s0/shpc106/.triton/autotune, appears to be on an NFS system. While this is generally acceptable, if you experience slowdowns or hanging when DeepSpeed exits, it is recommended to set the TRITON_CACHE_DIR environment variable to a non-NFS path.
Warning: The cache directory for DeepSpeed Triton autotune, /home/s0/shpc106/.triton/autotune, appears to be on an NFS system. While this is generally acceptable, if you experience slowdowns or hanging when DeepSpeed exits, it is recommended to set the TRITON_CACHE_DIR environment variable to a non-NFS path.
Warning: The cache directory for DeepSpeed Triton autotune, /home/s0/shpc106/.triton/autotune, appears to be on an NFS system. While this is generally acceptable, if you experience slowdowns or hanging when DeepSpeed exits, it is recommended to set the TRITON_CACHE_DIR environment variable to a non-NFS path.
Warning: The cache directory for DeepSpeed Triton autotune, /home/s0/shpc106/.triton/autotune, appears to be on an NFS system. While this is generally acceptable, if you experience slowdowns or hanging when DeepSpeed exits, it is recommended to set the TRITON_CACHE_DIR environment variable to a non-NFS path.
Warning: The cache directory for DeepSpeed Triton autotune, /home/s0/shpc106/.triton/autotune, appears to be on an NFS system. While this is generally acceptable, if you experience slowdowns or hanging when DeepSpeed exits, it is recommended to set the TRITON_CACHE_DIR environment variable to a non-NFS path.
[2024-12-12 17:51:38,136] [INFO] [comm.py:652:init_distributed] cdb=None
[2024-12-12 17:51:38,145] [INFO] [config.py:733:__init__] Config mesh_device None world_size = 8
[2024-12-12 17:51:38,323] [INFO] [comm.py:652:init_distributed] cdb=None
[2024-12-12 17:51:38,324] [INFO] [comm.py:683:init_distributed] Initializing TorchBackend in DeepSpeed with backend nccl
[2024-12-12 17:51:38,328] [INFO] [logging.py:128:log_dist] [Rank 0] DeepSpeed info: version=0.16.0, git-hash=unknown, git-branch=unknown
[2024-12-12 17:51:38,328] [INFO] [config.py:733:__init__] Config mesh_device None world_size = 8
[2024-12-12 17:51:38,688] [INFO] [comm.py:652:init_distributed] cdb=None
[2024-12-12 17:51:38,696] [INFO] [config.py:733:__init__] Config mesh_device None world_size = 8
[2024-12-12 17:51:39,158] [INFO] [comm.py:652:init_distributed] cdb=None
[2024-12-12 17:51:39,163] [INFO] [config.py:733:__init__] Config mesh_device None world_size = 8
[2024-12-12 17:51:59,025] [INFO] [comm.py:652:init_distributed] cdb=None
[2024-12-12 17:51:59,031] [INFO] [config.py:733:__init__] Config mesh_device None world_size = 8
[2024-12-12 17:51:59,247] [INFO] [comm.py:652:init_distributed] cdb=None
[2024-12-12 17:51:59,258] [INFO] [config.py:733:__init__] Config mesh_device None world_size = 8
[2024-12-12 17:51:59,321] [INFO] [comm.py:652:init_distributed] cdb=None
[2024-12-12 17:51:59,329] [INFO] [config.py:733:__init__] Config mesh_device None world_size = 8
[2024-12-12 17:51:59,893] [INFO] [comm.py:652:init_distributed] cdb=None
[2024-12-12 17:51:59,898] [INFO] [config.py:733:__init__] Config mesh_device None world_size = 8
Using /home/s0/shpc106/.cache/torch_extensions/py38_cu118 as PyTorch extensions root...
Using /home/s0/shpc106/.cache/torch_extensions/py38_cu118 as PyTorch extensions root...
Using /home/s0/shpc106/.cache/torch_extensions/py38_cu118 as PyTorch extensions root...
[2024-12-12 17:52:04,493] [INFO] [logging.py:128:log_dist] [Rank 0] DeepSpeed Flops Profiler Enabled: False
Using /home/s0/shpc106/.cache/torch_extensions/py38_cu118 as PyTorch extensions root...
Using /home/s0/shpc106/.cache/torch_extensions/py38_cu118 as PyTorch extensions root...
Using /home/s0/shpc106/.cache/torch_extensions/py38_cu118 as PyTorch extensions root...
Using /home/s0/shpc106/.cache/torch_extensions/py38_cu118 as PyTorch extensions root...
Using /home/s0/shpc106/.cache/torch_extensions/py38_cu118 as PyTorch extensions root...
Detected CUDA files, patching ldflags
Emitting ninja build file /home/s0/shpc106/.cache/torch_extensions/py38_cu118/fused_adam/build.ninja...
/usr/local/lib/python3.8/dist-packages/torch/utils/cpp_extension.py:1965: UserWarning: TORCH_CUDA_ARCH_LIST is not set, all archs for visible cards are included for compilation. 
If this is not desired, please set os.environ['TORCH_CUDA_ARCH_LIST'].
  warnings.warn(
Building extension module fused_adam...
Allowing ninja to set a default number of workers... (overridable by setting the environment variable MAX_JOBS=N)
ninja: no work to do.
Loading extension module fused_adam...
Time to load fused_adam op: 1.413743019104004 seconds
Loading extension module fused_adam...
Loading extension module fused_adam...
Time to load fused_adam op: 1.399846076965332 seconds
Time to load fused_adam op: 1.4303507804870605 seconds
Loading extension module fused_adam...
Time to load fused_adam op: 1.4398267269134521 seconds
[2024-12-12 17:52:05,959] [INFO] [config.py:733:__init__] Config mesh_device None world_size = 8
[2024-12-12 17:52:05,966] [INFO] [config.py:733:__init__] Config mesh_device None world_size = 8
[2024-12-12 17:52:05,969] [INFO] [config.py:733:__init__] Config mesh_device None world_size = 8
[2024-12-12 17:52:05,977] [INFO] [config.py:733:__init__] Config mesh_device None world_size = 8
Loading extension module fused_adam...Loading extension module fused_adam...Loading extension module fused_adam...

Loading extension module fused_adam...

Time to load fused_adam op: 3.1204073429107666 seconds
[2024-12-12 17:52:07,622] [INFO] [logging.py:128:log_dist] [Rank 0] Using DeepSpeed Optimizer param name adam as basic optimizer
[2024-12-12 17:52:07,623] [INFO] [logging.py:128:log_dist] [Rank 0] Removing param_group that has no 'params' in the basic Optimizer
Time to load fused_adam op: 3.145794630050659 secondsTime to load fused_adam op: 3.1359221935272217 secondsTime to load fused_adam op: 3.1457908153533936 seconds


[2024-12-12 17:52:07,697] [INFO] [logging.py:128:log_dist] [Rank 0] DeepSpeed Basic Optimizer = FusedAdam
[2024-12-12 17:52:07,697] [INFO] [utils.py:59:is_zero_supported_optimizer] Checking ZeRO support for optimizer=FusedAdam type=<class 'deepspeed.ops.adam.fused_adam.FusedAdam'>
[2024-12-12 17:52:07,697] [INFO] [logging.py:128:log_dist] [Rank 0] Creating fp16 ZeRO stage 3 optimizer, MiCS is enabled False, Hierarchical params gather False
[2024-12-12 17:52:07,697] [INFO] [logging.py:128:log_dist] [Rank 0] Creating torch.float32 ZeRO stage 3 optimizer
[2024-12-12 17:52:07,710] [INFO] [config.py:733:__init__] Config mesh_device None world_size = 8
[2024-12-12 17:52:07,711] [INFO] [config.py:733:__init__] Config mesh_device None world_size = 8
[2024-12-12 17:52:07,712] [INFO] [config.py:733:__init__] Config mesh_device None world_size = 8
[2024-12-12 17:52:07,877] [INFO] [utils.py:781:see_memory_usage] Stage 3 initialize beginning
[2024-12-12 17:52:07,878] [INFO] [utils.py:782:see_memory_usage] MA 2.99 GB         Max_MA 2.99 GB         CA 3.06 GB         Max_CA 3 GB 
[2024-12-12 17:52:07,878] [INFO] [utils.py:789:see_memory_usage] CPU Virtual Memory:  used = 13.61 GB, percent = 2.9%
[2024-12-12 17:52:07,880] [INFO] [stage3.py:167:__init__] Reduce bucket size 500000000
[2024-12-12 17:52:07,880] [INFO] [stage3.py:168:__init__] Prefetch bucket size 50000000
[2024-12-12 17:52:08,010] [INFO] [utils.py:781:see_memory_usage] DeepSpeedZeRoOffload initialize [begin]
[2024-12-12 17:52:08,011] [INFO] [utils.py:782:see_memory_usage] MA 2.99 GB         Max_MA 2.99 GB         CA 3.06 GB         Max_CA 3 GB 
[2024-12-12 17:52:08,011] [INFO] [utils.py:789:see_memory_usage] CPU Virtual Memory:  used = 13.61 GB, percent = 2.9%
[2024-12-12 17:52:08,015] [INFO] [config.py:733:__init__] Config mesh_device None world_size = 8
Parameter Offload: Total persistent parameters: 601600 in 290 params
[2024-12-12 17:52:09,480] [INFO] [utils.py:781:see_memory_usage] DeepSpeedZeRoOffload initialize [end]
[2024-12-12 17:52:09,481] [INFO] [utils.py:782:see_memory_usage] MA 0.4 GB         Max_MA 3.02 GB         CA 3.13 GB         Max_CA 3 GB 
[2024-12-12 17:52:09,482] [INFO] [utils.py:789:see_memory_usage] CPU Virtual Memory:  used = 13.99 GB, percent = 3.0%
[2024-12-12 17:52:09,787] [INFO] [utils.py:781:see_memory_usage] Before creating fp16 partitions
[2024-12-12 17:52:09,789] [INFO] [utils.py:782:see_memory_usage] MA 0.4 GB         Max_MA 0.4 GB         CA 3.13 GB         Max_CA 3 GB 
[2024-12-12 17:52:09,789] [INFO] [utils.py:789:see_memory_usage] CPU Virtual Memory:  used = 13.99 GB, percent = 3.0%
[2024-12-12 17:52:11,778] [INFO] [utils.py:781:see_memory_usage] After creating fp16 partitions: 1
[2024-12-12 17:52:11,780] [INFO] [utils.py:782:see_memory_usage] MA 0.4 GB         Max_MA 0.4 GB         CA 0.4 GB         Max_CA 3 GB 
[2024-12-12 17:52:11,780] [INFO] [utils.py:789:see_memory_usage] CPU Virtual Memory:  used = 14.0 GB, percent = 3.0%
[2024-12-12 17:52:11,954] [INFO] [utils.py:781:see_memory_usage] Before creating fp32 partitions
[2024-12-12 17:52:11,955] [INFO] [utils.py:782:see_memory_usage] MA 0.4 GB         Max_MA 0.4 GB         CA 0.4 GB         Max_CA 0 GB 
[2024-12-12 17:52:11,955] [INFO] [utils.py:789:see_memory_usage] CPU Virtual Memory:  used = 14.0 GB, percent = 3.0%
[2024-12-12 17:52:12,128] [INFO] [utils.py:781:see_memory_usage] After creating fp32 partitions
[2024-12-12 17:52:12,129] [INFO] [utils.py:782:see_memory_usage] MA 0.76 GB         Max_MA 0.76 GB         CA 0.76 GB         Max_CA 1 GB 
[2024-12-12 17:52:12,129] [INFO] [utils.py:789:see_memory_usage] CPU Virtual Memory:  used = 14.0 GB, percent = 3.0%
[2024-12-12 17:52:12,301] [INFO] [utils.py:781:see_memory_usage] Before initializing optimizer states
[2024-12-12 17:52:12,302] [INFO] [utils.py:782:see_memory_usage] MA 0.76 GB         Max_MA 0.76 GB         CA 0.76 GB         Max_CA 1 GB 
[2024-12-12 17:52:12,302] [INFO] [utils.py:789:see_memory_usage] CPU Virtual Memory:  used = 14.0 GB, percent = 3.0%
[2024-12-12 17:52:12,475] [INFO] [utils.py:781:see_memory_usage] After initializing optimizer states
[2024-12-12 17:52:12,476] [INFO] [utils.py:782:see_memory_usage] MA 0.76 GB         Max_MA 1.12 GB         CA 1.12 GB         Max_CA 1 GB 
[2024-12-12 17:52:12,476] [INFO] [utils.py:789:see_memory_usage] CPU Virtual Memory:  used = 14.0 GB, percent = 3.0%
[2024-12-12 17:52:12,477] [INFO] [stage3.py:525:_setup_for_real_optimizer] optimizer state initialized
[2024-12-12 17:52:13,874] [INFO] [utils.py:781:see_memory_usage] After initializing ZeRO optimizer
[2024-12-12 17:52:13,876] [INFO] [utils.py:782:see_memory_usage] MA 2.98 GB         Max_MA 3.46 GB         CA 3.47 GB         Max_CA 3 GB 
[2024-12-12 17:52:13,876] [INFO] [utils.py:789:see_memory_usage] CPU Virtual Memory:  used = 14.0 GB, percent = 3.0%
[2024-12-12 17:52:13,876] [INFO] [logging.py:128:log_dist] [Rank 0] DeepSpeed Final Optimizer = DeepSpeedZeroOptimizer_Stage3
[2024-12-12 17:52:13,877] [INFO] [logging.py:128:log_dist] [Rank 0] DeepSpeed using configured LR scheduler = None
[2024-12-12 17:52:13,877] [INFO] [logging.py:128:log_dist] [Rank 0] DeepSpeed LR Scheduler = None
[2024-12-12 17:52:13,877] [INFO] [logging.py:128:log_dist] [Rank 0] step=0, skipped=0, lr=[0.0001], mom=[(0.9, 0.999)]
[2024-12-12 17:52:13,879] [INFO] [config.py:999:print] DeepSpeedEngine configuration:
[2024-12-12 17:52:13,880] [INFO] [config.py:1003:print]   activation_checkpointing_config  {
    "partition_activations": false, 
    "contiguous_memory_optimization": false, 
    "cpu_checkpointing": false, 
    "number_checkpoints": null, 
    "synchronize_checkpoint_boundary": false, 
    "profile": false
}
[2024-12-12 17:52:13,880] [INFO] [config.py:1003:print]   aio_config ................... {'block_size': 1048576, 'queue_depth': 8, 'thread_count': 1, 'single_submit': False, 'overlap_events': True, 'use_gds': False}
[2024-12-12 17:52:13,880] [INFO] [config.py:1003:print]   amp_enabled .................. False
[2024-12-12 17:52:13,880] [INFO] [config.py:1003:print]   amp_params ................... False
[2024-12-12 17:52:13,880] [INFO] [config.py:1003:print]   autotuning_config ............ {
    "enabled": false, 
    "start_step": null, 
    "end_step": null, 
    "metric_path": null, 
    "arg_mappings": null, 
    "metric": "throughput", 
    "model_info": null, 
    "results_dir": "autotuning_results", 
    "exps_dir": "autotuning_exps", 
    "overwrite": true, 
    "fast": true, 
    "start_profile_step": 3, 
    "end_profile_step": 5, 
    "tuner_type": "gridsearch", 
    "tuner_early_stopping": 5, 
    "tuner_num_trials": 50, 
    "model_info_path": null, 
    "mp_size": 1, 
    "max_train_batch_size": null, 
    "min_train_batch_size": 1, 
    "max_train_micro_batch_size_per_gpu": 1.024000e+03, 
    "min_train_micro_batch_size_per_gpu": 1, 
    "num_tuning_micro_batch_sizes": 3
}
[2024-12-12 17:52:13,881] [INFO] [config.py:1003:print]   bfloat16_enabled ............. False
[2024-12-12 17:52:13,881] [INFO] [config.py:1003:print]   bfloat16_immediate_grad_update  False
[2024-12-12 17:52:13,881] [INFO] [config.py:1003:print]   checkpoint_parallel_write_pipeline  False
[2024-12-12 17:52:13,881] [INFO] [config.py:1003:print]   checkpoint_tag_validation_enabled  True
[2024-12-12 17:52:13,881] [INFO] [config.py:1003:print]   checkpoint_tag_validation_fail  False
[2024-12-12 17:52:13,881] [INFO] [config.py:1003:print]   comms_config ................. <deepspeed.comm.config.DeepSpeedCommsConfig object at 0x149c19251190>
[2024-12-12 17:52:13,881] [INFO] [config.py:1003:print]   communication_data_type ...... None
[2024-12-12 17:52:13,881] [INFO] [config.py:1003:print]   compression_config ........... {'weight_quantization': {'shared_parameters': {'enabled': False, 'quantizer_kernel': False, 'schedule_offset': 0, 'quantize_groups': 1, 'quantize_verbose': False, 'quantization_type': 'symmetric', 'quantize_weight_in_forward': False, 'rounding': 'nearest', 'fp16_mixed_quantize': False, 'quantize_change_ratio': 0.001}, 'different_groups': {}}, 'activation_quantization': {'shared_parameters': {'enabled': False, 'quantization_type': 'symmetric', 'range_calibration': 'dynamic', 'schedule_offset': 1000}, 'different_groups': {}}, 'sparse_pruning': {'shared_parameters': {'enabled': False, 'method': 'l1', 'schedule_offset': 1000}, 'different_groups': {}}, 'row_pruning': {'shared_parameters': {'enabled': False, 'method': 'l1', 'schedule_offset': 1000}, 'different_groups': {}}, 'head_pruning': {'shared_parameters': {'enabled': False, 'method': 'topk', 'schedule_offset': 1000}, 'different_groups': {}}, 'channel_pruning': {'shared_parameters': {'enabled': False, 'method': 'l1', 'schedule_offset': 1000}, 'different_groups': {}}, 'layer_reduction': {'enabled': False}}
[2024-12-12 17:52:13,881] [INFO] [config.py:1003:print]   curriculum_enabled_legacy .... False
[2024-12-12 17:52:13,881] [INFO] [config.py:1003:print]   curriculum_params_legacy ..... False
[2024-12-12 17:52:13,881] [INFO] [config.py:1003:print]   data_efficiency_config ....... {'enabled': False, 'seed': 1234, 'data_sampling': {'enabled': False, 'num_epochs': 1000, 'num_workers': 0, 'curriculum_learning': {'enabled': False}}, 'data_routing': {'enabled': False, 'random_ltd': {'enabled': False, 'layer_token_lr_schedule': {'enabled': False}}}}
[2024-12-12 17:52:13,882] [INFO] [config.py:1003:print]   data_efficiency_enabled ...... False
[2024-12-12 17:52:13,882] [INFO] [config.py:1003:print]   dataloader_drop_last ......... False
[2024-12-12 17:52:13,882] [INFO] [config.py:1003:print]   disable_allgather ............ False
[2024-12-12 17:52:13,882] [INFO] [config.py:1003:print]   dump_state ................... False
[2024-12-12 17:52:13,882] [INFO] [config.py:1003:print]   dynamic_loss_scale_args ...... None
[2024-12-12 17:52:13,882] [INFO] [config.py:1003:print]   eigenvalue_enabled ........... False
[2024-12-12 17:52:13,882] [INFO] [config.py:1003:print]   eigenvalue_gas_boundary_resolution  1
[2024-12-12 17:52:13,882] [INFO] [config.py:1003:print]   eigenvalue_layer_name ........ bert.encoder.layer
[2024-12-12 17:52:13,882] [INFO] [config.py:1003:print]   eigenvalue_layer_num ......... 0
[2024-12-12 17:52:13,882] [INFO] [config.py:1003:print]   eigenvalue_max_iter .......... 100
[2024-12-12 17:52:13,882] [INFO] [config.py:1003:print]   eigenvalue_stability ......... 1e-06
[2024-12-12 17:52:13,882] [INFO] [config.py:1003:print]   eigenvalue_tol ............... 0.01
[2024-12-12 17:52:13,882] [INFO] [config.py:1003:print]   eigenvalue_verbose ........... False
[2024-12-12 17:52:13,882] [INFO] [config.py:1003:print]   elasticity_enabled ........... False
[2024-12-12 17:52:13,883] [INFO] [config.py:1003:print]   flops_profiler_config ........ {
    "enabled": false, 
    "recompute_fwd_factor": 0.0, 
    "profile_step": 1, 
    "module_depth": -1, 
    "top_modules": 1, 
    "detailed": true, 
    "output_file": null
}
[2024-12-12 17:52:13,883] [INFO] [config.py:1003:print]   fp16_auto_cast ............... None
[2024-12-12 17:52:13,883] [INFO] [config.py:1003:print]   fp16_enabled ................. False
[2024-12-12 17:52:13,883] [INFO] [config.py:1003:print]   fp16_master_weights_and_gradients  False
[2024-12-12 17:52:13,883] [INFO] [config.py:1003:print]   global_rank .................. 0
[2024-12-12 17:52:13,883] [INFO] [config.py:1003:print]   grad_accum_dtype ............. None
[2024-12-12 17:52:13,883] [INFO] [config.py:1003:print]   gradient_accumulation_steps .. 1
[2024-12-12 17:52:13,883] [INFO] [config.py:1003:print]   gradient_clipping ............ 0.0
[2024-12-12 17:52:13,883] [INFO] [config.py:1003:print]   gradient_predivide_factor .... 1.0
[2024-12-12 17:52:13,883] [INFO] [config.py:1003:print]   graph_harvesting ............. False
[2024-12-12 17:52:13,883] [INFO] [config.py:1003:print]   hybrid_engine ................ enabled=False max_out_tokens=512 inference_tp_size=1 release_inference_cache=False pin_parameters=True tp_gather_partition_size=8
[2024-12-12 17:52:13,884] [INFO] [config.py:1003:print]   initial_dynamic_scale ........ 65536
[2024-12-12 17:52:13,884] [INFO] [config.py:1003:print]   load_universal_checkpoint .... False
[2024-12-12 17:52:13,884] [INFO] [config.py:1003:print]   loss_scale ................... 0
[2024-12-12 17:52:13,884] [INFO] [config.py:1003:print]   memory_breakdown ............. False
[2024-12-12 17:52:13,884] [INFO] [config.py:1003:print]   mics_hierarchial_params_gather  False
[2024-12-12 17:52:13,884] [INFO] [config.py:1003:print]   mics_shard_size .............. -1
[2024-12-12 17:52:13,884] [INFO] [config.py:1003:print]   monitor_config ............... tensorboard=TensorBoardConfig(enabled=False, output_path='', job_name='DeepSpeedJobName') comet=CometConfig(enabled=False, samples_log_interval=100, project=None, workspace=None, api_key=None, experiment_name=None, experiment_key=None, online=None, mode=None) wandb=WandbConfig(enabled=False, group=None, team=None, project='deepspeed') csv_monitor=CSVConfig(enabled=False, output_path='', job_name='DeepSpeedJobName')
[2024-12-12 17:52:13,884] [INFO] [config.py:1003:print]   nebula_config ................ {
    "enabled": false, 
    "persistent_storage_path": null, 
    "persistent_time_interval": 100, 
    "num_of_version_in_retention": 2, 
    "enable_nebula_load": true, 
    "load_path": null
}
[2024-12-12 17:52:13,884] [INFO] [config.py:1003:print]   optimizer_legacy_fusion ...... False
[2024-12-12 17:52:13,884] [INFO] [config.py:1003:print]   optimizer_name ............... adam
[2024-12-12 17:52:13,885] [INFO] [config.py:1003:print]   optimizer_params ............. {'lr': 0.0001}
[2024-12-12 17:52:13,885] [INFO] [config.py:1003:print]   pipeline ..................... {'stages': 'auto', 'partition': 'best', 'seed_layers': False, 'activation_checkpoint_interval': 0, 'pipe_partitioned': True, 'grad_partitioned': True}
[2024-12-12 17:52:13,885] [INFO] [config.py:1003:print]   pld_enabled .................. False
[2024-12-12 17:52:13,885] [INFO] [config.py:1003:print]   pld_params ................... False
[2024-12-12 17:52:13,885] [INFO] [config.py:1003:print]   prescale_gradients ........... False
[2024-12-12 17:52:13,885] [INFO] [config.py:1003:print]   scheduler_name ............... None
[2024-12-12 17:52:13,885] [INFO] [config.py:1003:print]   scheduler_params ............. None
[2024-12-12 17:52:13,885] [INFO] [config.py:1003:print]   seq_parallel_communication_data_type  torch.float32
[2024-12-12 17:52:13,885] [INFO] [config.py:1003:print]   sparse_attention ............. None
[2024-12-12 17:52:13,885] [INFO] [config.py:1003:print]   sparse_gradients_enabled ..... False
[2024-12-12 17:52:13,885] [INFO] [config.py:1003:print]   steps_per_print .............. None
[2024-12-12 17:52:13,885] [INFO] [config.py:1003:print]   timers_config ................ enabled=True synchronized=True
[2024-12-12 17:52:13,885] [INFO] [config.py:1003:print]   train_batch_size ............. 64
[2024-12-12 17:52:13,886] [INFO] [config.py:1003:print]   train_micro_batch_size_per_gpu  8
[2024-12-12 17:52:13,886] [INFO] [config.py:1003:print]   use_data_before_expert_parallel_  False
[2024-12-12 17:52:13,886] [INFO] [config.py:1003:print]   use_node_local_storage ....... False
[2024-12-12 17:52:13,886] [INFO] [config.py:1003:print]   wall_clock_breakdown ......... False
[2024-12-12 17:52:13,886] [INFO] [config.py:1003:print]   weight_quantization_config ... None
[2024-12-12 17:52:13,886] [INFO] [config.py:1003:print]   world_size ................... 8
[2024-12-12 17:52:13,886] [INFO] [config.py:1003:print]   zero_allow_untested_optimizer  False
[2024-12-12 17:52:13,886] [INFO] [config.py:1003:print]   zero_config .................. stage=3 contiguous_gradients=True reduce_scatter=True reduce_bucket_size=500000000 use_multi_rank_bucket_allreduce=True allgather_partitions=True allgather_bucket_size=500000000 overlap_comm=True load_from_fp32_weights=True elastic_checkpoint=False offload_param=None offload_optimizer=None sub_group_size=1000000000 cpu_offload_param=None cpu_offload_use_pin_memory=None cpu_offload=None prefetch_bucket_size=50000000 param_persistence_threshold=100000 model_persistence_threshold=9223372036854775807 max_live_parameters=1000000000 max_reuse_distance=1000000000 gather_16bit_weights_on_model_save=False module_granularity_threshold=0 use_all_reduce_for_fetch_params=False stage3_gather_fp16_weights_on_model_save=False ignore_unused_parameters=True legacy_stage1=False round_robin_gradients=False zero_hpz_partition_size=1 zero_quantized_weights=False zero_quantized_nontrainable_weights=False zero_quantized_gradients=False mics_shard_size=-1 mics_hierarchical_params_gather=False memory_efficient_linear=True pipeline_loading_checkpoint=False override_module_apply=True
[2024-12-12 17:52:13,886] [INFO] [config.py:1003:print]   zero_enabled ................. True
[2024-12-12 17:52:13,886] [INFO] [config.py:1003:print]   zero_force_ds_cpu_optimizer .. True
[2024-12-12 17:52:13,886] [INFO] [config.py:1003:print]   zero_optimization_stage ...... 3
[2024-12-12 17:52:13,887] [INFO] [config.py:989:print_user_config]   json = {
    "train_batch_size": 64, 
    "zero_optimization": {
        "stage": 3, 
        "contiguous_gradients": true, 
        "reduce_bucket_size": 5.000000e+08, 
        "sub_group_size": 1.000000e+09
    }, 
    "optimizer": {
        "type": "Adam", 
        "params": {
            "lr": 0.0001
        }
    }
}
[Forward] Step 0, GPU Mem Used: 15089373184 bytes
[Backward] Step 0, GPU Mem Used: 5026804224 bytes
[Optimizer Step] Step 0, GPU Mem Used: 5540048384 bytes
Epoch 1, Step 0, Loss: 10.105636596679688
[Forward] Step 10, GPU Mem Used: 18905763328 bytes
[Backward] Step 10, GPU Mem Used: 5803241472 bytes
[Optimizer Step] Step 10, GPU Mem Used: 5540048384 bytes
Epoch 1, Step 10, Loss: 1.5829801559448242
20 iterations took 102.2689459323883 seconds.
[Forward] Step 0, GPU Mem Used: 18906811904 bytes
[Backward] Step 0, GPU Mem Used: 5803241472 bytes
[Optimizer Step] Step 0, GPU Mem Used: 5540048384 bytes
Epoch 2, Step 0, Loss: 1.198561191558838
[Forward] Step 10, GPU Mem Used: 18907860480 bytes
[Backward] Step 10, GPU Mem Used: 5803241472 bytes
[Optimizer Step] Step 10, GPU Mem Used: 5540048384 bytes
Epoch 2, Step 10, Loss: 0.930174708366394
20 iterations took 92.37763571739197 seconds.
[Forward] Step 0, GPU Mem Used: 18903666176 bytes
[Backward] Step 0, GPU Mem Used: 5803241472 bytes
[Optimizer Step] Step 0, GPU Mem Used: 5540048384 bytes
Epoch 3, Step 0, Loss: 1.1849756240844727
[Forward] Step 10, GPU Mem Used: 18907860480 bytes
[Backward] Step 10, GPU Mem Used: 5803241472 bytes
[Optimizer Step] Step 10, GPU Mem Used: 5540048384 bytes
Epoch 3, Step 10, Loss: 0.08176594972610474
srun: Job step aborted: Waiting up to 7 seconds for job step to finish.
slurmstepd: error: *** JOB 1119485 ON a06 CANCELLED AT 2024-12-12T17:56:23 DUE TO TIME LIMIT ***
slurmstepd: error: *** STEP 1119485.0 ON a06 CANCELLED AT 2024-12-12T17:56:23 DUE TO TIME LIMIT ***
W1212 17:56:23.339262 22982100444992 torch/distributed/elastic/agent/server/api.py:688] Received Signals.SIGTERM death signal, shutting down workers
W1212 17:56:23.339969 22982100444992 torch/distributed/elastic/multiprocessing/api.py:858] Sending process 552921 closing signal SIGTERM
W1212 17:56:23.339664 23407257155392 torch/distributed/elastic/agent/server/api.py:688] Received Signals.SIGTERM death signal, shutting down workers
W1212 17:56:23.340520 23407257155392 torch/distributed/elastic/multiprocessing/api.py:858] Sending process 401661 closing signal SIGTERM
W1212 17:56:23.340752 23407257155392 torch/distributed/elastic/multiprocessing/api.py:858] Sending process 401662 closing signal SIGTERM
W1212 17:56:23.340927 23407257155392 torch/distributed/elastic/multiprocessing/api.py:858] Sending process 401663 closing signal SIGTERM
W1212 17:56:23.341080 23407257155392 torch/distributed/elastic/multiprocessing/api.py:858] Sending process 401664 closing signal SIGTERM
W1212 17:56:23.341674 23407257155392 torch/distributed/elastic/multiprocessing/api.py:858] Sending process 401661 closing signal SIGTERM
W1212 17:56:23.341842 23407257155392 torch/distributed/elastic/multiprocessing/api.py:858] Sending process 401662 closing signal SIGTERM
W1212 17:56:23.341935 23407257155392 torch/distributed/elastic/multiprocessing/api.py:858] Sending process 401663 closing signal SIGTERM
W1212 17:56:23.342028 23407257155392 torch/distributed/elastic/multiprocessing/api.py:858] Sending process 401664 closing signal SIGTERM
--- Logging error ---
Traceback (most recent call last):
  File "/usr/local/lib/python3.8/dist-packages/torch/distributed/elastic/agent/server/api.py", line 680, in run
    result = self._invoke_run(role)
  File "/usr/local/lib/python3.8/dist-packages/torch/distributed/elastic/agent/server/api.py", line 835, in _invoke_run
    time.sleep(monitor_interval)
  File "/usr/local/lib/python3.8/dist-packages/torch/distributed/elastic/multiprocessing/api.py", line 79, in _terminate_process_handler
    raise SignalException(f"Process {os.getpid()} got signal: {sigval}", sigval=sigval)
torch.distributed.elastic.multiprocessing.api.SignalException: Process 552916 got signal: 15

During handling of the above exception, another exception occurred:

Traceback (most recent call last):
  File "/usr/lib/python3.8/logging/__init__.py", line 1085, in emit
    msg = self.format(record)
  File "/usr/lib/python3.8/logging/__init__.py", line 929, in format
    return fmt.format(record)
  File "/usr/local/lib/python3.8/dist-packages/torch/_logging/_internal.py", line 747, in format
    record.message = record.getMessage()
  File "/usr/lib/python3.8/logging/__init__.py", line 373, in getMessage
    msg = msg % self.args
  File "/usr/local/lib/python3.8/dist-packages/torch/distributed/elastic/multiprocessing/api.py", line 79, in _terminate_process_handler
    raise SignalException(f"Process {os.getpid()} got signal: {sigval}", sigval=sigval)
torch.distributed.elastic.multiprocessing.api.SignalException: Process 552916 got signal: 15
Call stack:
  File "/usr/local/bin/torchrun", line 8, in <module>
    sys.exit(main())
  File "/usr/local/lib/python3.8/dist-packages/torch/distributed/elastic/multiprocessing/errors/__init__.py", line 348, in wrapper
    return f(*args, **kwargs)
  File "/usr/local/lib/python3.8/dist-packages/torch/distributed/run.py", line 901, in main
    run(args)
  File "/usr/local/lib/python3.8/dist-packages/torch/distributed/run.py", line 892, in run
    elastic_launch(
  File "/usr/local/lib/python3.8/dist-packages/torch/distributed/launcher/api.py", line 133, in __call__
    return launch_agent(self._config, self._entrypoint, list(args))
  File "/usr/local/lib/python3.8/dist-packages/torch/distributed/launcher/api.py", line 255, in launch_agent
    result = agent.run()
  File "/usr/local/lib/python3.8/dist-packages/torch/distributed/elastic/metrics/api.py", line 124, in wrapper
    result = f(*args, **kwargs)
  File "/usr/local/lib/python3.8/dist-packages/torch/distributed/elastic/agent/server/api.py", line 689, in run
    self._shutdown(e.sigval)
  File "/usr/local/lib/python3.8/dist-packages/torch/distributed/elastic/agent/server/local_elastic_agent.py", line 347, in _shutdown
    self._pcontext.close(death_sig)
  File "/usr/local/lib/python3.8/dist-packages/torch/distributed/elastic/multiprocessing/api.py", line 544, in close
    self._close(death_sig=death_sig, timeout=timeout)
  File "/usr/local/lib/python3.8/dist-packages/torch/distributed/elastic/multiprocessing/api.py", line 858, in _close
    logger.warning(
Message: 'Sending process %s closing signal %s'
Arguments: (552922, 'SIGTERM')
W1212 17:56:23.342864 22982100444992 torch/distributed/elastic/multiprocessing/api.py:858] Sending process 552923 closing signal SIGTERM
W1212 17:56:23.343361 22982100444992 torch/distributed/elastic/multiprocessing/api.py:858] Sending process 552924 closing signal SIGTERM
