[2024-12-12 17:51:02,454] [INFO] [real_accelerator.py:219:get_accelerator] Setting ds_accelerator to cuda (auto detect)
[2024-12-12 17:51:02,458] [INFO] [real_accelerator.py:219:get_accelerator] Setting ds_accelerator to cuda (auto detect)
[2024-12-12 17:51:02,459] [INFO] [real_accelerator.py:219:get_accelerator] Setting ds_accelerator to cuda (auto detect)
[2024-12-12 17:51:02,467] [INFO] [real_accelerator.py:219:get_accelerator] Setting ds_accelerator to cuda (auto detect)
Warning: The cache directory for DeepSpeed Triton autotune, /home/s0/shpc106/.triton/autotune, appears to be on an NFS system. While this is generally acceptable, if you experience slowdowns or hanging when DeepSpeed exits, it is recommended to set the TRITON_CACHE_DIR environment variable to a non-NFS path.Warning: The cache directory for DeepSpeed Triton autotune, /home/s0/shpc106/.triton/autotune, appears to be on an NFS system. While this is generally acceptable, if you experience slowdowns or hanging when DeepSpeed exits, it is recommended to set the TRITON_CACHE_DIR environment variable to a non-NFS path.

Warning: The cache directory for DeepSpeed Triton autotune, /home/s0/shpc106/.triton/autotune, appears to be on an NFS system. While this is generally acceptable, if you experience slowdowns or hanging when DeepSpeed exits, it is recommended to set the TRITON_CACHE_DIR environment variable to a non-NFS path.
Warning: The cache directory for DeepSpeed Triton autotune, /home/s0/shpc106/.triton/autotune, appears to be on an NFS system. While this is generally acceptable, if you experience slowdowns or hanging when DeepSpeed exits, it is recommended to set the TRITON_CACHE_DIR environment variable to a non-NFS path.
[2024-12-12 17:51:02,647] [INFO] [real_accelerator.py:219:get_accelerator] Setting ds_accelerator to cuda (auto detect)
[2024-12-12 17:51:02,656] [INFO] [real_accelerator.py:219:get_accelerator] Setting ds_accelerator to cuda (auto detect)
[2024-12-12 17:51:02,658] [INFO] [real_accelerator.py:219:get_accelerator] Setting ds_accelerator to cuda (auto detect)
[2024-12-12 17:51:02,659] [INFO] [real_accelerator.py:219:get_accelerator] Setting ds_accelerator to cuda (auto detect)
Warning: The cache directory for DeepSpeed Triton autotune, /home/s0/shpc106/.triton/autotune, appears to be on an NFS system. While this is generally acceptable, if you experience slowdowns or hanging when DeepSpeed exits, it is recommended to set the TRITON_CACHE_DIR environment variable to a non-NFS path.
Warning: The cache directory for DeepSpeed Triton autotune, /home/s0/shpc106/.triton/autotune, appears to be on an NFS system. While this is generally acceptable, if you experience slowdowns or hanging when DeepSpeed exits, it is recommended to set the TRITON_CACHE_DIR environment variable to a non-NFS path.
Warning: The cache directory for DeepSpeed Triton autotune, /home/s0/shpc106/.triton/autotune, appears to be on an NFS system. While this is generally acceptable, if you experience slowdowns or hanging when DeepSpeed exits, it is recommended to set the TRITON_CACHE_DIR environment variable to a non-NFS path.
Warning: The cache directory for DeepSpeed Triton autotune, /home/s0/shpc106/.triton/autotune, appears to be on an NFS system. While this is generally acceptable, if you experience slowdowns or hanging when DeepSpeed exits, it is recommended to set the TRITON_CACHE_DIR environment variable to a non-NFS path.
[2024-12-12 17:51:49,401] [INFO] [comm.py:652:init_distributed] cdb=None
[2024-12-12 17:51:49,410] [INFO] [config.py:733:__init__] Config mesh_device None world_size = 8
[2024-12-12 17:51:49,423] [INFO] [comm.py:652:init_distributed] cdb=None
[2024-12-12 17:51:49,433] [INFO] [config.py:733:__init__] Config mesh_device None world_size = 8
[2024-12-12 17:51:49,463] [INFO] [comm.py:652:init_distributed] cdb=None
[2024-12-12 17:51:49,467] [INFO] [config.py:733:__init__] Config mesh_device None world_size = 8
[2024-12-12 17:51:49,479] [INFO] [comm.py:652:init_distributed] cdb=None
[2024-12-12 17:51:49,487] [INFO] [config.py:733:__init__] Config mesh_device None world_size = 8
[2024-12-12 17:51:59,070] [INFO] [comm.py:652:init_distributed] cdb=None
[2024-12-12 17:51:59,074] [INFO] [config.py:733:__init__] Config mesh_device None world_size = 8
[2024-12-12 17:51:59,119] [INFO] [comm.py:652:init_distributed] cdb=None
[2024-12-12 17:51:59,129] [INFO] [config.py:733:__init__] Config mesh_device None world_size = 8
[2024-12-12 17:51:59,439] [INFO] [comm.py:652:init_distributed] cdb=None
[2024-12-12 17:51:59,439] [INFO] [comm.py:683:init_distributed] Initializing TorchBackend in DeepSpeed with backend nccl
[2024-12-12 17:51:59,448] [INFO] [logging.py:128:log_dist] [Rank 0] DeepSpeed info: version=0.16.0, git-hash=unknown, git-branch=unknown
[2024-12-12 17:51:59,449] [INFO] [config.py:733:__init__] Config mesh_device None world_size = 8
[2024-12-12 17:51:59,784] [INFO] [comm.py:652:init_distributed] cdb=None
[2024-12-12 17:51:59,790] [INFO] [config.py:733:__init__] Config mesh_device None world_size = 8
[2024-12-12 17:52:04,341] [INFO] [logging.py:128:log_dist] [Rank 0] DeepSpeed Flops Profiler Enabled: False
Using /home/s0/shpc106/.cache/torch_extensions/py38_cu118 as PyTorch extensions root...
Using /home/s0/shpc106/.cache/torch_extensions/py38_cu118 as PyTorch extensions root...
Using /home/s0/shpc106/.cache/torch_extensions/py38_cu118 as PyTorch extensions root...
Using /home/s0/shpc106/.cache/torch_extensions/py38_cu118 as PyTorch extensions root...
Using /home/s0/shpc106/.cache/torch_extensions/py38_cu118 as PyTorch extensions root...
Using /home/s0/shpc106/.cache/torch_extensions/py38_cu118 as PyTorch extensions root...
Using /home/s0/shpc106/.cache/torch_extensions/py38_cu118 as PyTorch extensions root...
Using /home/s0/shpc106/.cache/torch_extensions/py38_cu118 as PyTorch extensions root...
Emitting ninja build file /home/s0/shpc106/.cache/torch_extensions/py38_cu118/cpu_adam/build.ninja...
Building extension module cpu_adam...
Allowing ninja to set a default number of workers... (overridable by setting the environment variable MAX_JOBS=N)
ninja: no work to do.
Loading extension module cpu_adam...
Loading extension module cpu_adam...Loading extension module cpu_adam...

Time to load cpu_adam op: 3.109966993331909 seconds
Adam Optimizer #0 is created with AVX512 arithmetic capability.
Config: alpha=0.000100, betas=(0.900000, 0.999000), weight_decay=0.000000, adam_w=1
Time to load cpu_adam op: 3.0919666290283203 seconds
Adam Optimizer #0 is created with AVX512 arithmetic capability.
Config: alpha=0.000100, betas=(0.900000, 0.999000), weight_decay=0.000000, adam_w=1
Time to load cpu_adam op: 3.1251838207244873 seconds
Adam Optimizer #0 is created with AVX512 arithmetic capability.
Config: alpha=0.000100, betas=(0.900000, 0.999000), weight_decay=0.000000, adam_w=1
Loading extension module cpu_adam...
Time to load cpu_adam op: 3.1065266132354736 seconds
Adam Optimizer #0 is created with AVX512 arithmetic capability.
Config: alpha=0.000100, betas=(0.900000, 0.999000), weight_decay=0.000000, adam_w=1
Loading extension module cpu_adam...
Time to load cpu_adam op: 5.692499160766602 seconds
Adam Optimizer #0 is created with AVX512 arithmetic capability.
Config: alpha=0.000100, betas=(0.900000, 0.999000), weight_decay=0.000000, adam_w=1
[2024-12-12 17:52:11,601] [INFO] [logging.py:128:log_dist] [Rank 0] Using DeepSpeed Optimizer param name adam as basic optimizer
[2024-12-12 17:52:11,602] [INFO] [logging.py:128:log_dist] [Rank 0] Removing param_group that has no 'params' in the basic Optimizer
[2024-12-12 17:52:11,639] [INFO] [logging.py:128:log_dist] [Rank 0] DeepSpeed Basic Optimizer = DeepSpeedCPUAdam
[2024-12-12 17:52:11,640] [INFO] [utils.py:59:is_zero_supported_optimizer] Checking ZeRO support for optimizer=DeepSpeedCPUAdam type=<class 'deepspeed.ops.adam.cpu_adam.DeepSpeedCPUAdam'>
[2024-12-12 17:52:11,640] [INFO] [logging.py:128:log_dist] [Rank 0] Creating torch.float32 ZeRO stage 2 optimizer
[2024-12-12 17:52:11,640] [INFO] [stage_1_and_2.py:149:__init__] Reduce bucket size 500000000
[2024-12-12 17:52:11,640] [INFO] [stage_1_and_2.py:150:__init__] Allgather bucket size 500000000
[2024-12-12 17:52:11,640] [INFO] [stage_1_and_2.py:151:__init__] CPU Offload: True
[2024-12-12 17:52:11,640] [INFO] [stage_1_and_2.py:152:__init__] Round robin gradient partitioning: False
Loading extension module cpu_adam...
Loading extension module cpu_adam...
Time to load cpu_adam op: 5.857823371887207 seconds
Adam Optimizer #0 is created with AVX512 arithmetic capability.
Config: alpha=0.000100, betas=(0.900000, 0.999000), weight_decay=0.000000, adam_w=1
Time to load cpu_adam op: 5.853703022003174 seconds
Adam Optimizer #0 is created with AVX512 arithmetic capability.
Config: alpha=0.000100, betas=(0.900000, 0.999000), weight_decay=0.000000, adam_w=1
Loading extension module cpu_adam...
Time to load cpu_adam op: 5.777918338775635 seconds
Adam Optimizer #0 is created with AVX512 arithmetic capability.
Config: alpha=0.000100, betas=(0.900000, 0.999000), weight_decay=0.000000, adam_w=1
[2024-12-12 17:52:23,035] [INFO] [utils.py:781:see_memory_usage] Before initializing optimizer states
[2024-12-12 17:52:23,036] [INFO] [utils.py:782:see_memory_usage] MA 3.16 GB         Max_MA 3.16 GB         CA 3.16 GB         Max_CA 3 GB 
[2024-12-12 17:52:23,037] [INFO] [utils.py:789:see_memory_usage] CPU Virtual Memory:  used = 27.26 GB, percent = 5.8%
[2024-12-12 17:52:23,882] [INFO] [utils.py:781:see_memory_usage] After initializing optimizer states
[2024-12-12 17:52:23,884] [INFO] [utils.py:782:see_memory_usage] MA 3.16 GB         Max_MA 3.16 GB         CA 3.16 GB         Max_CA 3 GB 
[2024-12-12 17:52:23,884] [INFO] [utils.py:789:see_memory_usage] CPU Virtual Memory:  used = 28.31 GB, percent = 6.0%
[2024-12-12 17:52:23,885] [INFO] [stage_1_and_2.py:544:__init__] optimizer state initialized
[2024-12-12 17:52:24,117] [INFO] [utils.py:781:see_memory_usage] After initializing ZeRO optimizer
[2024-12-12 17:52:24,118] [INFO] [utils.py:782:see_memory_usage] MA 3.16 GB         Max_MA 3.16 GB         CA 3.16 GB         Max_CA 3 GB 
[2024-12-12 17:52:24,118] [INFO] [utils.py:789:see_memory_usage] CPU Virtual Memory:  used = 28.31 GB, percent = 6.0%
[2024-12-12 17:52:24,122] [INFO] [logging.py:128:log_dist] [Rank 0] DeepSpeed Final Optimizer = DeepSpeedZeroOptimizer
[2024-12-12 17:52:24,122] [INFO] [logging.py:128:log_dist] [Rank 0] DeepSpeed using configured LR scheduler = None
[2024-12-12 17:52:24,122] [INFO] [logging.py:128:log_dist] [Rank 0] DeepSpeed LR Scheduler = None
[2024-12-12 17:52:24,122] [INFO] [logging.py:128:log_dist] [Rank 0] step=0, skipped=0, lr=[0.0001], mom=[(0.9, 0.999)]
[2024-12-12 17:52:24,125] [INFO] [config.py:999:print] DeepSpeedEngine configuration:
[2024-12-12 17:52:24,125] [INFO] [config.py:1003:print]   activation_checkpointing_config  {
    "partition_activations": false, 
    "contiguous_memory_optimization": false, 
    "cpu_checkpointing": false, 
    "number_checkpoints": null, 
    "synchronize_checkpoint_boundary": false, 
    "profile": false
}
[2024-12-12 17:52:24,126] [INFO] [config.py:1003:print]   aio_config ................... {'block_size': 1048576, 'queue_depth': 8, 'thread_count': 1, 'single_submit': False, 'overlap_events': True, 'use_gds': False}
[2024-12-12 17:52:24,126] [INFO] [config.py:1003:print]   amp_enabled .................. False
[2024-12-12 17:52:24,126] [INFO] [config.py:1003:print]   amp_params ................... False
[2024-12-12 17:52:24,126] [INFO] [config.py:1003:print]   autotuning_config ............ {
    "enabled": false, 
    "start_step": null, 
    "end_step": null, 
    "metric_path": null, 
    "arg_mappings": null, 
    "metric": "throughput", 
    "model_info": null, 
    "results_dir": "autotuning_results", 
    "exps_dir": "autotuning_exps", 
    "overwrite": true, 
    "fast": true, 
    "start_profile_step": 3, 
    "end_profile_step": 5, 
    "tuner_type": "gridsearch", 
    "tuner_early_stopping": 5, 
    "tuner_num_trials": 50, 
    "model_info_path": null, 
    "mp_size": 1, 
    "max_train_batch_size": null, 
    "min_train_batch_size": 1, 
    "max_train_micro_batch_size_per_gpu": 1.024000e+03, 
    "min_train_micro_batch_size_per_gpu": 1, 
    "num_tuning_micro_batch_sizes": 3
}
[2024-12-12 17:52:24,126] [INFO] [config.py:1003:print]   bfloat16_enabled ............. False
[2024-12-12 17:52:24,127] [INFO] [config.py:1003:print]   bfloat16_immediate_grad_update  False
[2024-12-12 17:52:24,127] [INFO] [config.py:1003:print]   checkpoint_parallel_write_pipeline  False
[2024-12-12 17:52:24,127] [INFO] [config.py:1003:print]   checkpoint_tag_validation_enabled  True
[2024-12-12 17:52:24,127] [INFO] [config.py:1003:print]   checkpoint_tag_validation_fail  False
[2024-12-12 17:52:24,127] [INFO] [config.py:1003:print]   comms_config ................. <deepspeed.comm.config.DeepSpeedCommsConfig object at 0x146ab058f460>
[2024-12-12 17:52:24,127] [INFO] [config.py:1003:print]   communication_data_type ...... None
[2024-12-12 17:52:24,127] [INFO] [config.py:1003:print]   compression_config ........... {'weight_quantization': {'shared_parameters': {'enabled': False, 'quantizer_kernel': False, 'schedule_offset': 0, 'quantize_groups': 1, 'quantize_verbose': False, 'quantization_type': 'symmetric', 'quantize_weight_in_forward': False, 'rounding': 'nearest', 'fp16_mixed_quantize': False, 'quantize_change_ratio': 0.001}, 'different_groups': {}}, 'activation_quantization': {'shared_parameters': {'enabled': False, 'quantization_type': 'symmetric', 'range_calibration': 'dynamic', 'schedule_offset': 1000}, 'different_groups': {}}, 'sparse_pruning': {'shared_parameters': {'enabled': False, 'method': 'l1', 'schedule_offset': 1000}, 'different_groups': {}}, 'row_pruning': {'shared_parameters': {'enabled': False, 'method': 'l1', 'schedule_offset': 1000}, 'different_groups': {}}, 'head_pruning': {'shared_parameters': {'enabled': False, 'method': 'topk', 'schedule_offset': 1000}, 'different_groups': {}}, 'channel_pruning': {'shared_parameters': {'enabled': False, 'method': 'l1', 'schedule_offset': 1000}, 'different_groups': {}}, 'layer_reduction': {'enabled': False}}
[2024-12-12 17:52:24,127] [INFO] [config.py:1003:print]   curriculum_enabled_legacy .... False
[2024-12-12 17:52:24,127] [INFO] [config.py:1003:print]   curriculum_params_legacy ..... False
[2024-12-12 17:52:24,128] [INFO] [config.py:1003:print]   data_efficiency_config ....... {'enabled': False, 'seed': 1234, 'data_sampling': {'enabled': False, 'num_epochs': 1000, 'num_workers': 0, 'curriculum_learning': {'enabled': False}}, 'data_routing': {'enabled': False, 'random_ltd': {'enabled': False, 'layer_token_lr_schedule': {'enabled': False}}}}
[2024-12-12 17:52:24,128] [INFO] [config.py:1003:print]   data_efficiency_enabled ...... False
[2024-12-12 17:52:24,128] [INFO] [config.py:1003:print]   dataloader_drop_last ......... False
[2024-12-12 17:52:24,128] [INFO] [config.py:1003:print]   disable_allgather ............ False
[2024-12-12 17:52:24,128] [INFO] [config.py:1003:print]   dump_state ................... False
[2024-12-12 17:52:24,128] [INFO] [config.py:1003:print]   dynamic_loss_scale_args ...... None
[2024-12-12 17:52:24,128] [INFO] [config.py:1003:print]   eigenvalue_enabled ........... False
[2024-12-12 17:52:24,128] [INFO] [config.py:1003:print]   eigenvalue_gas_boundary_resolution  1
[2024-12-12 17:52:24,128] [INFO] [config.py:1003:print]   eigenvalue_layer_name ........ bert.encoder.layer
[2024-12-12 17:52:24,128] [INFO] [config.py:1003:print]   eigenvalue_layer_num ......... 0
[2024-12-12 17:52:24,129] [INFO] [config.py:1003:print]   eigenvalue_max_iter .......... 100
[2024-12-12 17:52:24,129] [INFO] [config.py:1003:print]   eigenvalue_stability ......... 1e-06
[2024-12-12 17:52:24,129] [INFO] [config.py:1003:print]   eigenvalue_tol ............... 0.01
[2024-12-12 17:52:24,129] [INFO] [config.py:1003:print]   eigenvalue_verbose ........... False
[2024-12-12 17:52:24,129] [INFO] [config.py:1003:print]   elasticity_enabled ........... False
[2024-12-12 17:52:24,129] [INFO] [config.py:1003:print]   flops_profiler_config ........ {
    "enabled": false, 
    "recompute_fwd_factor": 0.0, 
    "profile_step": 1, 
    "module_depth": -1, 
    "top_modules": 1, 
    "detailed": true, 
    "output_file": null
}
[2024-12-12 17:52:24,129] [INFO] [config.py:1003:print]   fp16_auto_cast ............... None
[2024-12-12 17:52:24,130] [INFO] [config.py:1003:print]   fp16_enabled ................. False
[2024-12-12 17:52:24,130] [INFO] [config.py:1003:print]   fp16_master_weights_and_gradients  False
[2024-12-12 17:52:24,130] [INFO] [config.py:1003:print]   global_rank .................. 0
[2024-12-12 17:52:24,130] [INFO] [config.py:1003:print]   grad_accum_dtype ............. None
[2024-12-12 17:52:24,130] [INFO] [config.py:1003:print]   gradient_accumulation_steps .. 32
[2024-12-12 17:52:24,130] [INFO] [config.py:1003:print]   gradient_clipping ............ 0.0
[2024-12-12 17:52:24,130] [INFO] [config.py:1003:print]   gradient_predivide_factor .... 1.0
[2024-12-12 17:52:24,130] [INFO] [config.py:1003:print]   graph_harvesting ............. False
[2024-12-12 17:52:24,130] [INFO] [config.py:1003:print]   hybrid_engine ................ enabled=False max_out_tokens=512 inference_tp_size=1 release_inference_cache=False pin_parameters=True tp_gather_partition_size=8
[2024-12-12 17:52:24,131] [INFO] [config.py:1003:print]   initial_dynamic_scale ........ 65536
[2024-12-12 17:52:24,131] [INFO] [config.py:1003:print]   load_universal_checkpoint .... False
[2024-12-12 17:52:24,131] [INFO] [config.py:1003:print]   loss_scale ................... 0
[2024-12-12 17:52:24,131] [INFO] [config.py:1003:print]   memory_breakdown ............. False
[2024-12-12 17:52:24,131] [INFO] [config.py:1003:print]   mics_hierarchial_params_gather  False
[2024-12-12 17:52:24,131] [INFO] [config.py:1003:print]   mics_shard_size .............. -1
[2024-12-12 17:52:24,131] [INFO] [config.py:1003:print]   monitor_config ............... tensorboard=TensorBoardConfig(enabled=False, output_path='', job_name='DeepSpeedJobName') comet=CometConfig(enabled=False, samples_log_interval=100, project=None, workspace=None, api_key=None, experiment_name=None, experiment_key=None, online=None, mode=None) wandb=WandbConfig(enabled=False, group=None, team=None, project='deepspeed') csv_monitor=CSVConfig(enabled=False, output_path='', job_name='DeepSpeedJobName')
[2024-12-12 17:52:24,132] [INFO] [config.py:1003:print]   nebula_config ................ {
    "enabled": false, 
    "persistent_storage_path": null, 
    "persistent_time_interval": 100, 
    "num_of_version_in_retention": 2, 
    "enable_nebula_load": true, 
    "load_path": null
}
[2024-12-12 17:52:24,132] [INFO] [config.py:1003:print]   optimizer_legacy_fusion ...... False
[2024-12-12 17:52:24,132] [INFO] [config.py:1003:print]   optimizer_name ............... adam
[2024-12-12 17:52:24,132] [INFO] [config.py:1003:print]   optimizer_params ............. {'lr': 0.0001}
[2024-12-12 17:52:24,132] [INFO] [config.py:1003:print]   pipeline ..................... {'stages': 'auto', 'partition': 'best', 'seed_layers': False, 'activation_checkpoint_interval': 0, 'pipe_partitioned': True, 'grad_partitioned': True}
[2024-12-12 17:52:24,132] [INFO] [config.py:1003:print]   pld_enabled .................. False
[2024-12-12 17:52:24,132] [INFO] [config.py:1003:print]   pld_params ................... False
[2024-12-12 17:52:24,132] [INFO] [config.py:1003:print]   prescale_gradients ........... False
[2024-12-12 17:52:24,132] [INFO] [config.py:1003:print]   scheduler_name ............... None
[2024-12-12 17:52:24,133] [INFO] [config.py:1003:print]   scheduler_params ............. None
[2024-12-12 17:52:24,133] [INFO] [config.py:1003:print]   seq_parallel_communication_data_type  torch.float32
[2024-12-12 17:52:24,133] [INFO] [config.py:1003:print]   sparse_attention ............. None
[2024-12-12 17:52:24,133] [INFO] [config.py:1003:print]   sparse_gradients_enabled ..... False
[2024-12-12 17:52:24,133] [INFO] [config.py:1003:print]   steps_per_print .............. None
[2024-12-12 17:52:24,133] [INFO] [config.py:1003:print]   timers_config ................ enabled=True synchronized=True
[2024-12-12 17:52:24,133] [INFO] [config.py:1003:print]   train_batch_size ............. 512
[2024-12-12 17:52:24,133] [INFO] [config.py:1003:print]   train_micro_batch_size_per_gpu  2
[2024-12-12 17:52:24,133] [INFO] [config.py:1003:print]   use_data_before_expert_parallel_  False
[2024-12-12 17:52:24,134] [INFO] [config.py:1003:print]   use_node_local_storage ....... False
[2024-12-12 17:52:24,134] [INFO] [config.py:1003:print]   wall_clock_breakdown ......... False
[2024-12-12 17:52:24,134] [INFO] [config.py:1003:print]   weight_quantization_config ... None
[2024-12-12 17:52:24,134] [INFO] [config.py:1003:print]   world_size ................... 8
[2024-12-12 17:52:24,134] [INFO] [config.py:1003:print]   zero_allow_untested_optimizer  False
[2024-12-12 17:52:24,134] [INFO] [config.py:1003:print]   zero_config .................. stage=2 contiguous_gradients=True reduce_scatter=True reduce_bucket_size=500000000 use_multi_rank_bucket_allreduce=True allgather_partitions=True allgather_bucket_size=500000000 overlap_comm=True load_from_fp32_weights=True elastic_checkpoint=False offload_param=DeepSpeedZeroOffloadParamConfig(device='cpu', nvme_path=None, buffer_count=5, buffer_size=100000000, max_in_cpu=1000000000, pin_memory=True) offload_optimizer=DeepSpeedZeroOffloadOptimizerConfig(device='cpu', nvme_path=None, buffer_count=4, pin_memory=True, pipeline_read=False, pipeline_write=False, fast_init=False, ratio=1.0) sub_group_size=1000000000 cpu_offload_param=None cpu_offload_use_pin_memory=None cpu_offload=None prefetch_bucket_size=50000000 param_persistence_threshold=100000 model_persistence_threshold=9223372036854775807 max_live_parameters=1000000000 max_reuse_distance=1000000000 gather_16bit_weights_on_model_save=False module_granularity_threshold=0 use_all_reduce_for_fetch_params=False stage3_gather_fp16_weights_on_model_save=False ignore_unused_parameters=True legacy_stage1=False round_robin_gradients=False zero_hpz_partition_size=1 zero_quantized_weights=False zero_quantized_nontrainable_weights=False zero_quantized_gradients=False mics_shard_size=-1 mics_hierarchical_params_gather=False memory_efficient_linear=True pipeline_loading_checkpoint=False override_module_apply=True
[2024-12-12 17:52:24,135] [INFO] [config.py:1003:print]   zero_enabled ................. True
[2024-12-12 17:52:24,135] [INFO] [config.py:1003:print]   zero_force_ds_cpu_optimizer .. True
[2024-12-12 17:52:24,135] [INFO] [config.py:1003:print]   zero_optimization_stage ...... 2
[2024-12-12 17:52:24,135] [INFO] [config.py:989:print_user_config]   json = {
    "train_batch_size": 512, 
    "train_micro_batch_size_per_gpu": 2, 
    "zero_optimization": {
        "stage": 2, 
        "allgather_partitions": true, 
        "allgather_bucket_size": 5.000000e+08, 
        "reduce_scatter": true, 
        "overlap_comm": true, 
        "offload_param": {
            "device": "cpu", 
            "pin_memory": true
        }, 
        "offload_optimizer": {
            "device": "cpu", 
            "pin_memory": true
        }
    }, 
    "optimizer": {
        "type": "Adam", 
        "params": {
            "lr": 0.0001
        }
    }
}
[Forward] Step 0, GPU Mem Used: 15020889600 bytes
[Backward] Step 0, GPU Mem Used: 4953077760 bytes
[Optimizer Step] Step 0, GPU Mem Used: 4953077760 bytes
Epoch 1, Step 0, Loss: 10.122156143188477
[Forward] Step 10, GPU Mem Used: 15029409792 bytes
[Backward] Step 10, GPU Mem Used: 4953077760 bytes
[Optimizer Step] Step 10, GPU Mem Used: 4953077760 bytes
Epoch 1, Step 10, Loss: 9.74255657196045
20 iterations took 109.11622548103333 seconds.
[Forward] Step 0, GPU Mem Used: 15029409792 bytes
[Backward] Step 0, GPU Mem Used: 4953077760 bytes
[Optimizer Step] Step 0, GPU Mem Used: 4953077760 bytes
Epoch 2, Step 0, Loss: 10.267078399658203
[Forward] Step 10, GPU Mem Used: 15029409792 bytes
[Backward] Step 10, GPU Mem Used: 4953077760 bytes
[Optimizer Step] Step 10, GPU Mem Used: 4953077760 bytes
Epoch 2, Step 10, Loss: 9.726240158081055
20 iterations took 115.92232775688171 seconds.
[Forward] Step 0, GPU Mem Used: 15029409792 bytes
[Backward] Step 0, GPU Mem Used: 4953077760 bytes
[Optimizer Step] Step 0, GPU Mem Used: 4953077760 bytes
Epoch 3, Step 0, Loss: 3.000645637512207
srun: Job step aborted: Waiting up to 7 seconds for job step to finish.
W1212 17:56:23.339626 23076474545984 torch/distributed/elastic/agent/server/api.py:688] Received Signals.SIGTERM death signal, shutting down workers
W1212 17:56:23.340250 23076474545984 torch/distributed/elastic/multiprocessing/api.py:858] Sending process 524753 closing signal SIGTERM
W1212 17:56:23.340450 23076474545984 torch/distributed/elastic/multiprocessing/api.py:858] Sending process 524754 closing signal SIGTERM
W1212 17:56:23.340610 23076474545984 torch/distributed/elastic/multiprocessing/api.py:858] Sending process 524755 closing signal SIGTERM
W1212 17:56:23.340770 23076474545984 torch/distributed/elastic/multiprocessing/api.py:858] Sending process 524756 closing signal SIGTERM
slurmstepd: error: *** JOB 1119484 ON a04 CANCELLED AT 2024-12-12T17:56:23 DUE TO TIME LIMIT ***
W1212 17:56:23.341377 23076474545984 torch/distributed/elastic/multiprocessing/api.py:858] Sending process 524753 closing signal SIGTERM
W1212 17:56:23.341625 23076474545984 torch/distributed/elastic/multiprocessing/api.py:858] Sending process 524754 closing signal SIGTERM
W1212 17:56:23.341778 23076474545984 torch/distributed/elastic/multiprocessing/api.py:858] Sending process 524755 closing signal SIGTERM
slurmstepd: error: *** STEP 1119484.0 ON a04 CANCELLED AT 2024-12-12T17:56:23 DUE TO TIME LIMIT ***
W1212 17:56:23.341889 23076474545984 torch/distributed/elastic/multiprocessing/api.py:858] Sending process 524756 closing signal SIGTERM
W1212 17:56:23.338117 23178653124416 torch/distributed/elastic/agent/server/api.py:688] Received Signals.SIGTERM death signal, shutting down workers
W1212 17:56:23.339028 23178653124416 torch/distributed/elastic/multiprocessing/api.py:858] Sending process 557443 closing signal SIGTERM
W1212 17:56:23.339221 23178653124416 torch/distributed/elastic/multiprocessing/api.py:858] Sending process 557444 closing signal SIGTERM
W1212 17:56:23.339380 23178653124416 torch/distributed/elastic/multiprocessing/api.py:858] Sending process 557445 closing signal SIGTERM
W1212 17:56:23.339555 23178653124416 torch/distributed/elastic/multiprocessing/api.py:858] Sending process 557446 closing signal SIGTERM
W1212 17:56:23.342471 23178653124416 torch/distributed/elastic/multiprocessing/api.py:858] Sending process 557443 closing signal SIGTERM
W1212 17:56:23.342624 23178653124416 torch/distributed/elastic/multiprocessing/api.py:858] Sending process 557444 closing signal SIGTERM
W1212 17:56:23.342711 23178653124416 torch/distributed/elastic/multiprocessing/api.py:858] Sending process 557445 closing signal SIGTERM
W1212 17:56:23.342793 23178653124416 torch/distributed/elastic/multiprocessing/api.py:858] Sending process 557446 closing signal SIGTERM
